                                     G D M A
                                 by Anthony Stone

               Distributed Multipoles from Gaussian wavefunctions

                             version 2.3.3 (ce9c35b)
              Compiled with gfortran on 10 September 2020 at 14:03:08

Starting at 15:56:03 on 31 Oct 2022 

M062X Sadlej-pVTZ



Using SCF density matrix from file ../spec.fchk


                         Distributed Multipole Analysis

Standard DMA for products of primitives with exponent greater than 4.00000
Using 80-point Euler-MacLaurin radial quadrature
Using 590-point Lebedev quadrature
Becke smoothing parameter = 3

Positions and radii in angstrom
Multipole moments in atomic units, ea_0^k for rank k

C          x =  2.068148  y = -0.836663  z = -0.439403 angstrom
           Maximum rank =  4   Radius =  0.650 angstrom
                   Q00  =  -0.041981
|Q1| =   0.150290  Q10  =   0.070147  Q11c =  -0.104082  Q11s =   0.082666
|Q2| =   0.285255  Q20  =  -0.111366  Q21c =  -0.122823  Q21s =   0.177533
                   Q22c =   0.074339  Q22s =  -0.129764
|Q3| =   4.082436  Q30  =  -0.323808  Q31c =   0.275104  Q31s =  -3.177605
                   Q32c =   0.939192  Q32s =  -2.024956  Q33c =  -1.070039
                   Q33s =  -0.510942
|Q4| =   9.313024  Q40  =  -5.384716  Q41c =  -1.882335  Q41s =   1.918051
                   Q42c =  -5.216437  Q42s =  -1.155882  Q43c =  -2.795790
                   Q43s =  -3.200499  Q44c =  -1.976403  Q44s =  -0.045388

C          x =  2.764771  y =  0.478088  z = -0.739315 angstrom
           Maximum rank =  4   Radius =  0.650 angstrom
                   Q00  =  -0.117403
|Q1| =   0.093800  Q10  =   0.049616  Q11c =  -0.076545  Q11s =  -0.021850
|Q2| =   0.349473  Q20  =  -0.060999  Q21c =  -0.235334  Q21s =  -0.084509
                   Q22c =   0.234652  Q22s =   0.028715
|Q3| =   3.989775  Q30  =  -1.415830  Q31c =  -2.197558  Q31s =   2.081070
                   Q32c =   0.045056  Q32s =   0.365029  Q33c =   2.126800
                   Q33s =  -0.308317
|Q4| =  10.162189  Q40  =   5.032771  Q41c =   2.769776  Q41s =  -4.287053
                   Q42c =  -5.525223  Q42s =  -0.595610  Q43c =  -1.221878
                   Q43s =   0.619097  Q44c =   4.297364  Q44s =  -0.815092

C          x =  2.224295  y =  1.396812  z =  0.348594 angstrom
           Maximum rank =  4   Radius =  0.650 angstrom
                   Q00  =  -0.119275
|Q1| =   0.092220  Q10  =  -0.031645  Q11c =  -0.050194  Q11s =  -0.070595
|Q2| =   0.352264  Q20  =  -0.148265  Q21c =   0.120593  Q21s =   0.123094
                   Q22c =  -0.181923  Q22s =   0.198284
|Q3| =   3.978593  Q30  =   1.450706  Q31c =   2.045781  Q31s =  -1.854202
                   Q32c =   1.491150  Q32s =  -0.341445  Q33c =  -0.984410
                   Q33s =  -1.670986
|Q4| =   9.919747  Q40  =   3.106621  Q41c =   4.586660  Q41s =   1.007360
                   Q42c =   6.173291  Q42s =  -1.951490  Q43c =   2.191687
                   Q43s =   0.946108  Q44c =   3.278633  Q44s =  -2.886551

H          x =  2.488263  y =  0.848413  z = -1.726709 angstrom
           Maximum rank =  1   Radius =  0.325 angstrom
                   Q00  =   0.102653
|Q1| =   0.140396  Q10  =   0.133002  Q11c =  -0.000716  Q11s =  -0.044955

H          x =  3.845029  y =  0.364149  z = -0.714722 angstrom
           Maximum rank =  1   Radius =  0.325 angstrom
                   Q00  =   0.110691
|Q1| =   0.125038  Q10  =   0.022454  Q11c =  -0.122834  Q11s =   0.006494

C          x =  0.752388  y =  1.037353  z =  0.364768 angstrom
           Maximum rank =  4   Radius =  0.650 angstrom
                   Q00  =  -0.056425
|Q1| =   0.179753  Q10  =  -0.060096  Q11c =   0.070468  Q11s =  -0.154058
|Q2| =   0.233254  Q20  =  -0.121523  Q21c =  -0.112860  Q21s =   0.087519
                   Q22c =  -0.135006  Q22s =  -0.031871
|Q3| =   3.671491  Q30  =   0.970770  Q31c =  -2.869366  Q31s =   1.667456
                   Q32c =  -0.025243  Q32s =   0.407012  Q33c =   0.677458
                   Q33s =   0.947911
|Q4| =   8.711783  Q40  =  -5.244333  Q41c =  -3.511749  Q41s =   1.385232
                   Q42c =   1.378162  Q42s =  -5.530953  Q43c =  -0.806078
                   Q43s =   0.457806  Q44c =  -0.840425  Q44s =  -0.290623

H          x =  2.368087  y =  2.452612  z =  0.135668 angstrom
           Maximum rank =  1   Radius =  0.325 angstrom
                   Q00  =   0.112131
|Q1| =   0.124388  Q10  =   0.001912  Q11c =  -0.029241  Q11s =  -0.120887

H          x =  2.693086  y =  1.182873  z =  1.309925 angstrom
           Maximum rank =  1   Radius =  0.325 angstrom
                   Q00  =   0.104169
|Q1| =   0.138909  Q10  =  -0.120947  Q11c =  -0.068024  Q11s =  -0.006365

N          x =  0.699480  y = -0.469681  z =  0.147274 angstrom
           Maximum rank =  4   Radius =  0.650 angstrom
                   Q00  =  -0.199449
|Q1| =   0.046650  Q10  =   0.004058  Q11c =   0.020728  Q11s =   0.041595
|Q2| =   0.240771  Q20  =  -0.080290  Q21c =   0.001951  Q21s =  -0.036160
                   Q22c =   0.110128  Q22s =   0.195153
|Q3| =   2.327717  Q30  =   0.704319  Q31c =  -0.509293  Q31s =  -1.252321
                   Q32c =  -1.430737  Q32s =   0.090025  Q33c =   0.030438
                   Q33s =  -1.019056
|Q4| =   0.823282  Q40  =   0.184301  Q41c =  -0.233054  Q41s =   0.187853
                   Q42c =  -0.368255  Q42s =   0.581860  Q43c =  -0.002575
                   Q43s =  -0.002375  Q44c =  -0.278398  Q44s =   0.050315

H          x =  0.231460  y =  1.503279  z = -0.466785 angstrom
           Maximum rank =  1   Radius =  0.325 angstrom
                   Q00  =   0.125150
|Q1| =   0.132704  Q10  =   0.087155  Q11c =   0.056316  Q11s =  -0.082723

H          x =  0.231646  y =  1.279626  z =  1.284742 angstrom
           Maximum rank =  1   Radius =  0.325 angstrom
                   Q00  =   0.126746
|Q1| =   0.125126  Q10  =  -0.096467  Q11c =   0.058773  Q11s =  -0.053819

H          x =  2.601338  y = -1.401484  z =  0.320605 angstrom
           Maximum rank =  1   Radius =  0.325 angstrom
                   Q00  =   0.122943
|Q1| =   0.129296  Q10  =  -0.059373  Q11c =  -0.076604  Q11s =   0.085581

H          x =  1.918126  y = -1.474004  z = -1.304384 angstrom
           Maximum rank =  1   Radius =  0.325 angstrom
                   Q00  =   0.120949
|Q1| =   0.126321  Q10  =   0.087584  Q11c =  -0.012364  Q11s =   0.090185

C          x =  0.511614  y = -1.164642  z =  1.450942 angstrom
           Maximum rank =  4   Radius =  0.650 angstrom
                   Q00  =  -0.058698
|Q1| =   0.135588  Q10  =  -0.116712  Q11c =   0.015797  Q11s =   0.067178
|Q2| =   0.359422  Q20  =   0.238952  Q21c =  -0.019239  Q21s =  -0.260519
                   Q22c =  -0.032917  Q22s =   0.052559
|Q3| =   4.776617  Q30  =  -0.956255  Q31c =   1.053408  Q31s =   0.960884
                   Q32c =   2.638364  Q32s =   0.418200  Q33c =  -0.862695
                   Q33s =   3.462453
|Q4| =  11.844077  Q40  =  -1.429311  Q41c =   3.359017  Q41s =  -1.613477
                   Q42c =   6.710652  Q42s =   1.966210  Q43c =  -0.726858
                   Q43s =   5.083825  Q44c =   6.822947  Q44s =  -1.589932

H          x = -0.443141  y = -0.879203  z =  1.879999 angstrom
           Maximum rank =  1   Radius =  0.325 angstrom
                   Q00  =   0.118194
|Q1| =   0.118144  Q10  =  -0.085749  Q11c =   0.080861  Q11s =  -0.008161

H          x =  1.314875  y = -0.871554  z =  2.121361 angstrom
           Maximum rank =  1   Radius =  0.325 angstrom
                   Q00  =   0.115809
|Q1| =   0.121729  Q10  =  -0.098358  Q11c =  -0.071632  Q11s =  -0.003530

H          x =  0.540819  y = -2.239135  z =  1.287559 angstrom
           Maximum rank =  1   Radius =  0.325 angstrom
                   Q00  =   0.118613
|Q1| =   0.120979  Q10  =  -0.018666  Q11c =  -0.004349  Q11s =   0.119451

C          x = -0.379821  y = -0.881614  z = -0.834408 angstrom
           Maximum rank =  4   Radius =  0.650 angstrom
                   Q00  =  -0.059344
|Q1| =   0.140701  Q10  =   0.109713  Q11c =   0.072579  Q11s =   0.049920
|Q2| =   0.304312  Q20  =  -0.059311  Q21c =   0.211060  Q21s =   0.074272
                   Q22c =   0.177591  Q22s =   0.086527
|Q3| =   3.750478  Q30  =  -0.068834  Q31c =   0.422805  Q31s =   2.525064
                   Q32c =   1.938436  Q32s =  -0.421182  Q33c =  -1.205135
                   Q33s =   1.455798
|Q4| =   9.148326  Q40  =   1.243533  Q41c =   0.453037  Q41s =  -7.621391
                   Q42c =  -1.266773  Q42s =   2.040071  Q43c =   1.603089
                   Q43s =  -3.614978  Q44c =   1.015127  Q44s =   1.191470

C          x = -1.828647  y = -0.754423  z = -0.392509 angstrom
           Maximum rank =  4   Radius =  0.650 angstrom
                   Q00  =  -0.155527
|Q1| =   0.042175  Q10  =  -0.040895  Q11c =   0.009226  Q11s =   0.004598
|Q2| =   0.294809  Q20  =  -0.150349  Q21c =  -0.053243  Q21s =   0.036039
                   Q22c =   0.188490  Q22s =  -0.156990
|Q3| =   4.149705  Q30  =  -0.089528  Q31c =  -1.599170  Q31s =  -3.175902
                   Q32c =  -1.652057  Q32s =  -0.733536  Q33c =   1.113433
                   Q33s =  -0.247462
|Q4| =   8.650081  Q40  =  -5.593947  Q41c =  -0.445620  Q41s =  -0.677441
                   Q42c =  -2.364073  Q42s =   5.015770  Q43c =   0.547494
                   Q43s =   3.435043  Q44c =  -0.107014  Q44s =   0.129036

H          x = -0.175222  y = -1.926590  z = -1.061755 angstrom
           Maximum rank =  1   Radius =  0.325 angstrom
                   Q00  =   0.116053
|Q1| =   0.134241  Q10  =   0.053466  Q11c =  -0.020379  Q11s =   0.121436

H          x = -0.191553  y = -0.297435  z = -1.735167 angstrom
           Maximum rank =  1   Radius =  0.325 angstrom
                   Q00  =   0.120148
|Q1| =   0.137308  Q10  =   0.128076  Q11c =  -0.018471  Q11s =  -0.045922

C          x = -2.382049  y =  0.639422  z = -0.109008 angstrom
           Maximum rank =  4   Radius =  0.650 angstrom
                   Q00  =  -0.175245
|Q1| =   0.052415  Q10  =  -0.013137  Q11c =  -0.013947  Q11s =  -0.048787
|Q2| =   0.183666  Q20  =  -0.041713  Q21c =  -0.003658  Q21s =   0.062456
                   Q22c =   0.047137  Q22s =  -0.160802
|Q3| =   4.257352  Q30  =   0.534292  Q31c =   1.921341  Q31s =   3.171314
                   Q32c =   1.560743  Q32s =   0.489029  Q33c =  -1.164000
                   Q33s =   0.246637
|Q4| =   8.763834  Q40  =  -5.157733  Q41c =   0.620612  Q41s =   2.580112
                   Q42c =  -2.383756  Q42s =   5.292312  Q43c =   1.119902
                   Q43s =   2.852869  Q44c =  -0.257430  Q44s =  -0.101310

H          x = -2.026607  y = -1.416786  z =  0.452316 angstrom
           Maximum rank =  1   Radius =  0.325 angstrom
                   Q00  =   0.101549
|Q1| =   0.145715  Q10  =  -0.089487  Q11c =   0.046335  Q11s =   0.105252

H          x = -2.393385  y = -1.184638  z = -1.223644 angstrom
           Maximum rank =  1   Radius =  0.325 angstrom
                   Q00  =   0.110755
|Q1| =   0.140515  Q10  =   0.092295  Q11c =   0.072663  Q11s =   0.077113

C          x = -3.896189  y =  0.612867  z =  0.057110 angstrom
           Maximum rank =  4   Radius =  0.650 angstrom
                   Q00  =  -0.147443
|Q1| =   0.023086  Q10  =  -0.000836  Q11c =   0.022904  Q11s =   0.002770
|Q2| =   0.174067  Q20  =  -0.065330  Q21c =  -0.031679  Q21s =   0.007526
                   Q22c =   0.101462  Q22s =  -0.121146
|Q3| =   5.340178  Q30  =  -1.249198  Q31c =  -1.939958  Q31s =  -3.728040
                   Q32c =  -1.985475  Q32s =  -0.517844  Q33c =   2.012466
                   Q33s =  -1.017346
|Q4| =  13.104550  Q40  =  -2.162952  Q41c =   3.518966  Q41s =  -2.153056
                   Q42c =   0.408409  Q42s =  10.021862  Q43c =   4.941769
                   Q43s =   1.499086  Q44c =  -0.951098  Q44s =   4.674895

H          x = -2.115685  y =  1.313982  z = -0.927078 angstrom
           Maximum rank =  1   Radius =  0.325 angstrom
                   Q00  =   0.090854
|Q1| =   0.149704  Q10  =   0.099100  Q11c =  -0.033604  Q11s =  -0.107056

H          x = -1.936118  y =  1.053842  z =  0.797198 angstrom
           Maximum rank =  1   Radius =  0.325 angstrom
                   Q00  =   0.087153
|Q1| =   0.144238  Q10  =  -0.115457  Q11c =  -0.042499  Q11s =  -0.075288

H          x = -4.382792  y =  0.255715  z = -0.850656 angstrom
           Maximum rank =  1   Radius =  0.325 angstrom
                   Q00  =   0.073939
|Q1| =   0.142995  Q10  =   0.101130  Q11c =   0.094090  Q11s =   0.036977

H          x = -4.281971  y =  1.606786  z =  0.274771 angstrom
           Maximum rank =  1   Radius =  0.325 angstrom
                   Q00  =   0.076460
|Q1| =   0.133751  Q10  =  -0.026537  Q11c =   0.074051  Q11s =  -0.108174

H          x = -4.189676  y = -0.045886  z =  0.875208 angstrom
           Maximum rank =  1   Radius =  0.325 angstrom
                   Q00  =   0.075754
|Q1| =   0.142274  Q10  =  -0.099440  Q11c =   0.072865  Q11s =   0.071025

Total multipoles referred to origin at
           x =   0.000000,  y =    0.000000,  z =    0.000000 angstrom
                   Q00  =   0.999923
|Q1| =   1.207995  Q10  =   0.230720  Q11c =   1.094418  Q11s =  -0.456365
|Q2| =   8.504358  Q20  =  -5.053381  Q21c =   0.731552  Q21s =  -0.649832
                   Q22c =   6.769493  Q22s =   0.062916
|Q3| =  31.010687  Q30  =   7.195395  Q31c =  -4.041125  Q31s = -18.480748
                   Q32c = -10.962894  Q32s =  -6.970242  Q33c =  -9.436055
                   Q33s =  17.152604
|Q4| = 277.035751  Q40  = 106.964227  Q41c =  68.085513  Q41s = -34.350324
                   Q42c =-171.269076  Q42s =  33.602710  Q43c = -30.680197
                   Q43s =  43.637429  Q44c = 129.194746  Q44s = -97.431304

CPU time used:     32m41.861s          Total:     32m41.861s

Finished at 16:28:45 on 31 Oct 2022 
