                                     G D M A
                                 by Anthony Stone

               Distributed Multipoles from Gaussian wavefunctions

                             version 2.3.3 (ce9c35b)
              Compiled with gfortran on 10 September 2020 at 14:03:08

Starting at 15:56:03 on 31 Oct 2022 

M062X Sadlej-pVTZ



Using SCF density matrix from file ../spec.fchk


                         Distributed Multipole Analysis

Standard DMA for products of primitives with exponent greater than 4.00000
Using 80-point Euler-MacLaurin radial quadrature
Using 590-point Lebedev quadrature
Becke smoothing parameter = 3

Positions and radii in angstrom
Multipole moments in atomic units, ea_0^k for rank k

C          x =  2.068148  y = -0.836663  z = -0.439403 angstrom
           Maximum rank =  4   Radius =  0.650 angstrom
                   Q00  =  -0.042128
|Q1| =   0.150565  Q10  =   0.069318  Q11c =  -0.104275  Q11s =   0.083615
|Q2| =   0.285083  Q20  =  -0.107843  Q21c =  -0.122656  Q21s =   0.177172
                   Q22c =   0.077347  Q22s =  -0.131245
|Q3| =   4.086982  Q30  =  -0.328138  Q31c =   0.270167  Q31s =  -3.184919
                   Q32c =   0.938918  Q32s =  -2.021217  Q33c =  -1.069483
                   Q33s =  -0.518048
|Q4| =   9.312744  Q40  =  -5.363774  Q41c =  -1.886493  Q41s =   1.923856
                   Q42c =  -5.236003  Q42s =  -1.150418  Q43c =  -2.783780
                   Q43s =  -3.196404  Q44c =  -1.997094  Q44s =  -0.055092

C          x =  2.764771  y =  0.478088  z = -0.739315 angstrom
           Maximum rank =  4   Radius =  0.650 angstrom
                   Q00  =  -0.117093
|Q1| =   0.092656  Q10  =   0.048448  Q11c =  -0.076251  Q11s =  -0.020582
|Q2| =   0.351115  Q20  =  -0.062427  Q21c =  -0.238496  Q21s =  -0.085308
                   Q22c =   0.232804  Q22s =   0.032086
|Q3| =   3.987113  Q30  =  -1.411035  Q31c =  -2.197206  Q31s =   2.082976
                   Q32c =   0.043979  Q32s =   0.365592  Q33c =   2.124201
                   Q33s =  -0.302862
|Q4| =  10.165308  Q40  =   5.017955  Q41c =   2.780162  Q41s =  -4.286606
                   Q42c =  -5.536842  Q42s =  -0.608175  Q43c =  -1.236717
                   Q43s =   0.630320  Q44c =   4.296423  Q44s =  -0.797993

C          x =  2.224295  y =  1.396812  z =  0.348594 angstrom
           Maximum rank =  4   Radius =  0.650 angstrom
                   Q00  =  -0.118983
|Q1| =   0.091732  Q10  =  -0.032809  Q11c =  -0.050078  Q11s =  -0.069503
|Q2| =   0.351646  Q20  =  -0.147868  Q21c =   0.121070  Q21s =   0.122332
                   Q22c =  -0.180629  Q22s =   0.198847
|Q3| =   3.972408  Q30  =   1.449852  Q31c =   2.041748  Q31s =  -1.846791
                   Q32c =   1.495470  Q32s =  -0.336594  Q33c =  -0.981895
                   Q33s =  -1.668753
|Q4| =   9.901870  Q40  =   3.090484  Q41c =   4.586743  Q41s =   1.011604
                   Q42c =   6.154560  Q42s =  -1.935295  Q43c =   2.197767
                   Q43s =   0.969824  Q44c =   3.282176  Q44s =  -2.875237

H          x =  2.488263  y =  0.848413  z = -1.726709 angstrom
           Maximum rank =  1   Radius =  0.325 angstrom
                   Q00  =   0.104856
|Q1| =   0.138377  Q10  =   0.131241  Q11c =  -0.000654  Q11s =  -0.043859

H          x =  3.845029  y =  0.364149  z = -0.714722 angstrom
           Maximum rank =  1   Radius =  0.325 angstrom
                   Q00  =   0.110982
|Q1| =   0.124706  Q10  =   0.021673  Q11c =  -0.122595  Q11s =   0.007227

C          x =  0.752388  y =  1.037353  z =  0.364768 angstrom
           Maximum rank =  4   Radius =  0.650 angstrom
                   Q00  =  -0.056232
|Q1| =   0.178915  Q10  =  -0.060902  Q11c =   0.070321  Q11s =  -0.152829
|Q2| =   0.237157  Q20  =  -0.123028  Q21c =  -0.114315  Q21s =   0.087592
                   Q22c =  -0.138887  Q22s =  -0.032824
|Q3| =   3.670529  Q30  =   0.961469  Q31c =  -2.869174  Q31s =   1.669641
                   Q32c =  -0.023066  Q32s =   0.408556  Q33c =   0.684546
                   Q33s =   0.944696
|Q4| =   8.702830  Q40  =  -5.248316  Q41c =  -3.493458  Q41s =   1.348387
                   Q42c =   1.347437  Q42s =  -5.539793  Q43c =  -0.815367
                   Q43s =   0.470479  Q44c =  -0.840837  Q44s =  -0.271959

H          x =  2.368087  y =  2.452612  z =  0.135668 angstrom
           Maximum rank =  1   Radius =  0.325 angstrom
                   Q00  =   0.114140
|Q1| =   0.122799  Q10  =   0.001174  Q11c =  -0.029009  Q11s =  -0.119318

H          x =  2.693086  y =  1.182873  z =  1.309925 angstrom
           Maximum rank =  1   Radius =  0.325 angstrom
                   Q00  =   0.102853
|Q1| =   0.139994  Q10  =  -0.122079  Q11c =  -0.068281  Q11s =  -0.005719

N          x =  0.699480  y = -0.469681  z =  0.147274 angstrom
           Maximum rank =  4   Radius =  0.650 angstrom
                   Q00  =  -0.199480
|Q1| =   0.047116  Q10  =   0.003688  Q11c =   0.020709  Q11s =   0.042160
|Q2| =   0.240919  Q20  =  -0.078642  Q21c =   0.001563  Q21s =  -0.037708
                   Q22c =   0.110654  Q22s =   0.195420
|Q3| =   2.327829  Q30  =   0.703441  Q31c =  -0.508899  Q31s =  -1.252075
                   Q32c =  -1.430859  Q32s =   0.089986  Q33c =   0.030690
                   Q33s =  -1.020242
|Q4| =   0.824053  Q40  =   0.184084  Q41c =  -0.233243  Q41s =   0.188194
                   Q42c =  -0.369594  Q42s =   0.581983  Q43c =  -0.003569
                   Q43s =  -0.000301  Q44c =  -0.278656  Q44s =   0.048909

H          x =  0.231460  y =  1.503279  z = -0.466785 angstrom
           Maximum rank =  1   Radius =  0.325 angstrom
                   Q00  =   0.126817
|Q1| =   0.131114  Q10  =   0.086022  Q11c =   0.056034  Q11s =  -0.081555

H          x =  0.231646  y =  1.279626  z =  1.284742 angstrom
           Maximum rank =  1   Radius =  0.325 angstrom
                   Q00  =   0.126252
|Q1| =   0.125437  Q10  =  -0.097102  Q11c =   0.058832  Q11s =  -0.053333

H          x =  2.601338  y = -1.401484  z =  0.320605 angstrom
           Maximum rank =  1   Radius =  0.325 angstrom
                   Q00  =   0.121180
|Q1| =   0.130815  Q10  =  -0.060288  Q11c =  -0.077144  Q11s =   0.086757

H          x =  1.918126  y = -1.474004  z = -1.304384 angstrom
           Maximum rank =  1   Radius =  0.325 angstrom
                   Q00  =   0.121019
|Q1| =   0.126374  Q10  =   0.086938  Q11c =  -0.012344  Q11s =   0.090883

C          x =  0.511614  y = -1.164642  z =  1.450942 angstrom
           Maximum rank =  4   Radius =  0.650 angstrom
                   Q00  =  -0.059242
|Q1| =   0.137831  Q10  =  -0.118479  Q11c =   0.015838  Q11s =   0.068624
|Q2| =   0.353090  Q20  =   0.235430  Q21c =  -0.018199  Q21s =  -0.255169
                   Q22c =  -0.032365  Q22s =   0.052494
|Q3| =   4.788334  Q30  =  -0.957662  Q31c =   1.056585  Q31s =   0.961200
                   Q32c =   2.642095  Q32s =   0.420488  Q33c =  -0.864073
                   Q33s =   3.473709
|Q4| =  11.864338  Q40  =  -1.432834  Q41c =   3.367660  Q41s =  -1.633427
                   Q42c =   6.692094  Q42s =   1.977408  Q43c =  -0.725732
                   Q43s =   5.111424  Q44c =   6.840860  Q44s =  -1.598535

H          x = -0.443141  y = -0.879203  z =  1.879999 angstrom
           Maximum rank =  1   Radius =  0.325 angstrom
                   Q00  =   0.117414
|Q1| =   0.119157  Q10  =  -0.086819  Q11c =   0.081264  Q11s =  -0.007555

H          x =  1.314875  y = -0.871554  z =  2.121361 angstrom
           Maximum rank =  1   Radius =  0.325 angstrom
                   Q00  =   0.114621
|Q1| =   0.123022  Q10  =  -0.099640  Q11c =  -0.072097  Q11s =  -0.002886

H          x =  0.540819  y = -2.239135  z =  1.287559 angstrom
           Maximum rank =  1   Radius =  0.325 angstrom
                   Q00  =   0.116729
|Q1| =   0.122776  Q10  =  -0.019518  Q11c =  -0.004404  Q11s =   0.121135

C          x = -0.379821  y = -0.881614  z = -0.834408 angstrom
           Maximum rank =  4   Radius =  0.650 angstrom
                   Q00  =  -0.059317
|Q1| =   0.140161  Q10  =   0.108657  Q11c =   0.072561  Q11s =   0.050731
|Q2| =   0.305226  Q20  =  -0.057982  Q21c =   0.211981  Q21s =   0.075939
                   Q22c =   0.178275  Q22s =   0.085533
|Q3| =   3.750202  Q30  =  -0.069453  Q31c =   0.424233  Q31s =   2.523530
                   Q32c =   1.945935  Q32s =  -0.421192  Q33c =  -1.204319
                   Q33s =   1.447952
|Q4| =   9.158419  Q40  =   1.229439  Q41c =   0.446681  Q41s =  -7.638273
                   Q42c =  -1.308193  Q42s =   2.034573  Q43c =   1.596553
                   Q43s =  -3.605361  Q44c =   1.003333  Q44s =   1.190481

C          x = -1.828647  y = -0.754423  z = -0.392509 angstrom
           Maximum rank =  4   Radius =  0.650 angstrom
                   Q00  =  -0.155612
|Q1| =   0.043419  Q10  =  -0.042025  Q11c =   0.009357  Q11s =   0.005617
|Q2| =   0.294312  Q20  =  -0.146879  Q21c =  -0.052215  Q21s =   0.033978
                   Q22c =   0.190196  Q22s =  -0.158085
|Q3| =   4.151115  Q30  =  -0.094898  Q31c =  -1.602373  Q31s =  -3.177375
                   Q32c =  -1.650689  Q32s =  -0.738686  Q33c =   1.107339
                   Q33s =  -0.250623
|Q4| =   8.629087  Q40  =  -5.580484  Q41c =  -0.404800  Q41s =  -0.689077
                   Q42c =  -2.357946  Q42s =   5.000331  Q43c =   0.537086
                   Q43s =   3.434664  Q44c =  -0.105674  Q44s =   0.144538

H          x = -0.175222  y = -1.926590  z = -1.061755 angstrom
           Maximum rank =  1   Radius =  0.325 angstrom
                   Q00  =   0.115119
|Q1| =   0.134978  Q10  =   0.053009  Q11c =  -0.020434  Q11s =   0.122440

H          x = -0.191553  y = -0.297435  z = -1.735167 angstrom
           Maximum rank =  1   Radius =  0.325 angstrom
                   Q00  =   0.121998
|Q1| =   0.135629  Q10  =   0.126590  Q11c =  -0.018398  Q11s =  -0.045075

C          x = -2.382049  y =  0.639422  z = -0.109008 angstrom
           Maximum rank =  4   Radius =  0.650 angstrom
                   Q00  =  -0.175137
|Q1| =   0.051642  Q10  =  -0.014465  Q11c =  -0.014094  Q11s =  -0.047529
|Q2| =   0.184963  Q20  =  -0.043774  Q21c =  -0.002113  Q21s =   0.064611
                   Q22c =   0.044761  Q22s =  -0.161594
|Q3| =   4.259222  Q30  =   0.521016  Q31c =   1.919088  Q31s =   3.175335
                   Q32c =   1.564654  Q32s =   0.487883  Q33c =  -1.166504
                   Q33s =   0.238662
|Q4| =   8.772682  Q40  =  -5.169858  Q41c =   0.618773  Q41s =   2.557023
                   Q42c =  -2.395574  Q42s =   5.294120  Q43c =   1.117286
                   Q43s =   2.868880  Q44c =  -0.232909  Q44s =  -0.108324

H          x = -2.026607  y = -1.416786  z =  0.452316 angstrom
           Maximum rank =  1   Radius =  0.325 angstrom
                   Q00  =   0.099453
|Q1| =   0.147701  Q10  =  -0.090688  Q11c =   0.046840  Q11s =   0.106758

H          x = -2.393385  y = -1.184638  z = -1.223644 angstrom
           Maximum rank =  1   Radius =  0.325 angstrom
                   Q00  =   0.111102
|Q1| =   0.140364  Q10  =   0.091517  Q11c =   0.072631  Q11s =   0.077791

C          x = -3.896189  y =  0.612867  z =  0.057110 angstrom
           Maximum rank =  4   Radius =  0.650 angstrom
                   Q00  =  -0.147352
|Q1| =   0.023471  Q10  =  -0.002390  Q11c =   0.022952  Q11s =   0.004291
|Q2| =   0.174376  Q20  =  -0.064213  Q21c =  -0.030864  Q21s =   0.002610
                   Q22c =   0.101523  Q22s =  -0.122546
|Q3| =   5.338067  Q30  =  -1.253020  Q31c =  -1.944162  Q31s =  -3.726246
                   Q32c =  -1.980798  Q32s =  -0.511003  Q33c =   2.007961
                   Q33s =  -1.021585
|Q4| =  13.100200  Q40  =  -2.165584  Q41c =   3.535017  Q41s =  -2.142865
                   Q42c =   0.420852  Q42s =  10.011692  Q43c =   4.921154
                   Q43s =   1.491935  Q44c =  -0.935771  Q44s =   4.701796

H          x = -2.115685  y =  1.313982  z = -0.927078 angstrom
           Maximum rank =  1   Radius =  0.325 angstrom
                   Q00  =   0.093064
|Q1| =   0.147585  Q10  =   0.097616  Q11c =  -0.033470  Q11s =  -0.105509

H          x = -1.936118  y =  1.053842  z =  0.797198 angstrom
           Maximum rank =  1   Radius =  0.325 angstrom
                   Q00  =   0.086734
|Q1| =   0.144536  Q10  =  -0.116217  Q11c =  -0.042540  Q11s =  -0.074663

H          x = -4.382792  y =  0.255715  z = -0.850656 angstrom
           Maximum rank =  1   Radius =  0.325 angstrom
                   Q00  =   0.074850
|Q1| =   0.142195  Q10  =   0.099965  Q11c =   0.093806  Q11s =   0.037774

H          x = -4.281971  y =  1.606786  z =  0.274771 angstrom
           Maximum rank =  1   Radius =  0.325 angstrom
                   Q00  =   0.077736
|Q1| =   0.132694  Q10  =  -0.027344  Q11c =   0.073728  Q11s =  -0.106884

H          x = -4.189676  y = -0.045886  z =  0.875208 angstrom
           Maximum rank =  1   Radius =  0.325 angstrom
                   Q00  =   0.073579
|Q1| =   0.144216  Q10  =  -0.100922  Q11c =   0.073375  Q11s =   0.072314

Total multipoles referred to origin at
           x =   0.000000,  y =    0.000000,  z =    0.000000 angstrom
                   Q00  =   0.999923
|Q1| =   1.169436  Q10  =   0.155457  Q11c =   1.096300  Q11s =  -0.376218
|Q2| =   8.553499  Q20  =  -5.089079  Q21c =   0.742979  Q21s =  -0.639486
                   Q22c =   6.804378  Q22s =   0.055618
|Q3| =  34.322424  Q30  =   9.128653  Q31c =  -4.011228  Q31s = -19.392493
                   Q32c = -13.041253  Q32s =  -7.046932  Q33c =  -9.403172
                   Q33s =  19.859119
|Q4| = 274.167153  Q40  = 109.986488  Q41c =  59.582643  Q41s = -31.519214
                   Q42c =-169.377570  Q42s =  37.972503  Q43c = -22.870369
                   Q43s =  36.832820  Q44c = 120.647224  Q44s =-109.365957

CPU time used:     32m43.338s          Total:     32m43.338s

Finished at 16:28:47 on 31 Oct 2022 
