                                     G D M A
                                 by Anthony Stone

               Distributed Multipoles from Gaussian wavefunctions

                             version 2.3.3 (ce9c35b)
              Compiled with gfortran on 10 September 2020 at 14:03:08

Starting at 15:56:03 on 31 Oct 2022 

M062X Sadlej-pVTZ



Using SCF density matrix from file ../spec.fchk


                         Distributed Multipole Analysis

Standard DMA for products of primitives with exponent greater than 4.00000
Using 80-point Euler-MacLaurin radial quadrature
Using 590-point Lebedev quadrature
Becke smoothing parameter = 3

Positions and radii in angstrom
Multipole moments in atomic units, ea_0^k for rank k

C          x =  2.068148  y = -0.836663  z = -0.439403 angstrom
           Maximum rank =  4   Radius =  0.650 angstrom
                   Q00  =  -0.041549
|Q1| =   0.149129  Q10  =   0.068176  Q11c =  -0.103758  Q11s =   0.082618
|Q2| =   0.286883  Q20  =  -0.110282  Q21c =  -0.125505  Q21s =   0.176236
                   Q22c =   0.075814  Q22s =  -0.132594
|Q3| =   4.077143  Q30  =  -0.332595  Q31c =   0.264504  Q31s =  -3.176962
                   Q32c =   0.936585  Q32s =  -2.015973  Q33c =  -1.070337
                   Q33s =  -0.512319
|Q4| =   9.299139  Q40  =  -5.332034  Q41c =  -1.889514  Q41s =   1.933307
                   Q42c =  -5.241081  Q42s =  -1.145184  Q43c =  -2.792588
                   Q43s =  -3.199523  Q44c =  -1.979112  Q44s =  -0.052056

C          x =  2.764771  y =  0.478088  z = -0.739315 angstrom
           Maximum rank =  4   Radius =  0.650 angstrom
                   Q00  =  -0.116878
|Q1| =   0.092320  Q10  =   0.047272  Q11c =  -0.076230  Q11s =  -0.021849
|Q2| =   0.351460  Q20  =  -0.059879  Q21c =  -0.241482  Q21s =  -0.081027
                   Q22c =   0.232851  Q22s =   0.028991
|Q3| =   3.983878  Q30  =  -1.414380  Q31c =  -2.193865  Q31s =   2.078807
                   Q32c =   0.036864  Q32s =   0.370462  Q33c =   2.121984
                   Q33s =  -0.308080
|Q4| =  10.164811  Q40  =   5.038855  Q41c =   2.792726  Q41s =  -4.278784
                   Q42c =  -5.519321  Q42s =  -0.605311  Q43c =  -1.242932
                   Q43s =   0.635130  Q44c =   4.287779  Q44s =  -0.814484

C          x =  2.224295  y =  1.396812  z =  0.348594 angstrom
           Maximum rank =  4   Radius =  0.650 angstrom
                   Q00  =  -0.119621
|Q1| =   0.093172  Q10  =  -0.033892  Q11c =  -0.050175  Q11s =  -0.070815
|Q2| =   0.350709  Q20  =  -0.148782  Q21c =   0.122414  Q21s =   0.116405
                   Q22c =  -0.180910  Q22s =   0.198990
|Q3| =   3.981345  Q30  =   1.450987  Q31c =   2.043263  Q31s =  -1.854649
                   Q32c =   1.502648  Q32s =  -0.340227  Q33c =  -0.984915
                   Q33s =  -1.669532
|Q4| =   9.908638  Q40  =   3.078897  Q41c =   4.586563  Q41s =   1.010971
                   Q42c =   6.162519  Q42s =  -1.944188  Q43c =   2.203125
                   Q43s =   0.980060  Q44c =   3.277355  Q44s =  -2.886353

H          x =  2.488263  y =  0.848413  z = -1.726709 angstrom
           Maximum rank =  1   Radius =  0.325 angstrom
                   Q00  =   0.105864
|Q1| =   0.137427  Q10  =   0.130045  Q11c =  -0.000628  Q11s =  -0.044429

H          x =  3.845029  y =  0.364149  z = -0.714722 angstrom
           Maximum rank =  1   Radius =  0.325 angstrom
                   Q00  =   0.111299
|Q1| =   0.124344  Q10  =   0.020897  Q11c =  -0.122404  Q11s =   0.006480

C          x =  0.752388  y =  1.037353  z =  0.364768 angstrom
           Maximum rank =  4   Radius =  0.650 angstrom
                   Q00  =  -0.056751
|Q1| =   0.180525  Q10  =  -0.061946  Q11c =   0.070222  Q11s =  -0.154340
|Q2| =   0.233437  Q20  =  -0.121181  Q21c =  -0.115388  Q21s =   0.085891
                   Q22c =  -0.134629  Q22s =  -0.031485
|Q3| =   3.673505  Q30  =   0.954841  Q31c =  -2.873705  Q31s =   1.672084
                   Q32c =  -0.020673  Q32s =   0.411204  Q33c =   0.678037
                   Q33s =   0.948487
|Q4| =   8.705771  Q40  =  -5.260266  Q41c =  -3.485868  Q41s =   1.322936
                   Q42c =   1.349216  Q42s =  -5.542334  Q43c =  -0.818709
                   Q43s =   0.469956  Q44c =  -0.840316  Q44s =  -0.288948

H          x =  2.368087  y =  2.452612  z =  0.135668 angstrom
           Maximum rank =  1   Radius =  0.325 angstrom
                   Q00  =   0.112316
|Q1| =   0.124421  Q10  =   0.000451  Q11c =  -0.029246  Q11s =  -0.120934

H          x =  2.693086  y =  1.182873  z =  1.309925 angstrom
           Maximum rank =  1   Radius =  0.325 angstrom
                   Q00  =   0.101249
|Q1| =   0.141568  Q10  =  -0.123584  Q11c =  -0.068745  Q11s =  -0.006529

N          x =  0.699480  y = -0.469681  z =  0.147274 angstrom
           Maximum rank =  4   Radius =  0.650 angstrom
                   Q00  =  -0.199400
|Q1| =   0.046576  Q10  =   0.003248  Q11c =   0.020743  Q11s =   0.041575
|Q2| =   0.240127  Q20  =  -0.079125  Q21c =   0.001037  Q21s =  -0.038015
                   Q22c =   0.108660  Q22s =   0.195313
|Q3| =   2.326812  Q30  =   0.703762  Q31c =  -0.509121  Q31s =  -1.251036
                   Q32c =  -1.430721  Q32s =   0.090113  Q33c =   0.030223
                   Q33s =  -1.019059
|Q4| =   0.823327  Q40  =   0.185831  Q41c =  -0.233626  Q41s =   0.186713
                   Q42c =  -0.368115  Q42s =   0.582578  Q43c =  -0.003045
                   Q43s =  -0.001385  Q44c =  -0.276279  Q44s =   0.051417

H          x =  0.231460  y =  1.503279  z = -0.466785 angstrom
           Maximum rank =  1   Radius =  0.325 angstrom
                   Q00  =   0.126816
|Q1| =   0.131277  Q10  =   0.085584  Q11c =   0.056110  Q11s =  -0.082223

H          x =  0.231646  y =  1.279626  z =  1.284742 angstrom
           Maximum rank =  1   Radius =  0.325 angstrom
                   Q00  =   0.124483
|Q1| =   0.127074  Q10  =  -0.098430  Q11c =   0.059199  Q11s =  -0.054359

H          x =  2.601338  y = -1.401484  z =  0.320605 angstrom
           Maximum rank =  1   Radius =  0.325 angstrom
                   Q00  =   0.121437
|Q1| =   0.130398  Q10  =  -0.060773  Q11c =  -0.077004  Q11s =   0.085911

H          x =  1.918126  y = -1.474004  z = -1.304384 angstrom
           Maximum rank =  1   Radius =  0.325 angstrom
                   Q00  =   0.123301
|Q1| =   0.124375  Q10  =   0.085557  Q11c =  -0.012154  Q11s =   0.089451

C          x =  0.511614  y = -1.164642  z =  1.450942 angstrom
           Maximum rank =  4   Radius =  0.650 angstrom
                   Q00  =  -0.059383
|Q1| =   0.138416  Q10  =  -0.119706  Q11c =   0.015808  Q11s =   0.067674
|Q2| =   0.351423  Q20  =   0.232202  Q21c =  -0.017090  Q21s =  -0.256082
                   Q22c =  -0.030063  Q22s =   0.052979
|Q3| =   4.794625  Q30  =  -0.957207  Q31c =   1.059401  Q31s =   0.956960
                   Q32c =   2.650967  Q32s =   0.422077  Q33c =  -0.866364
                   Q33s =   3.475302
|Q4| =  11.872166  Q40  =  -1.413198  Q41c =   3.371074  Q41s =  -1.670769
                   Q42c =   6.706114  Q42s =   1.981575  Q43c =  -0.728013
                   Q43s =   5.095756  Q44c =   6.845287  Q44s =  -1.594457

H          x = -0.443141  y = -0.879203  z =  1.879999 angstrom
           Maximum rank =  1   Radius =  0.325 angstrom
                   Q00  =   0.116433
|Q1| =   0.120106  Q10  =  -0.087775  Q11c =   0.081575  Q11s =  -0.008148

H          x =  1.314875  y = -0.871554  z =  2.121361 angstrom
           Maximum rank =  1   Radius =  0.325 angstrom
                   Q00  =   0.113258
|Q1| =   0.124155  Q10  =  -0.100792  Q11c =  -0.072410  Q11s =  -0.003506

H          x =  0.540819  y = -2.239135  z =  1.287559 angstrom
           Maximum rank =  1   Radius =  0.325 angstrom
                   Q00  =   0.118156
|Q1| =   0.121686  Q10  =  -0.020062  Q11c =  -0.004383  Q11s =   0.119941

C          x = -0.379821  y = -0.881614  z = -0.834408 angstrom
           Maximum rank =  4   Radius =  0.650 angstrom
                   Q00  =  -0.059011
|Q1| =   0.138593  Q10  =   0.107376  Q11c =   0.072225  Q11s =   0.049617
|Q2| =   0.306801  Q20  =  -0.054804  Q21c =   0.213031  Q21s =   0.078775
                   Q22c =   0.179005  Q22s =   0.086561
|Q3| =   3.745790  Q30  =  -0.076413  Q31c =   0.425610  Q31s =   2.515274
                   Q32c =   1.946058  Q32s =  -0.419084  Q33c =  -1.203229
                   Q33s =   1.451491
|Q4| =   9.156471  Q40  =   1.245233  Q41c =   0.439298  Q41s =  -7.628357
                   Q42c =  -1.307796  Q42s =   2.030522  Q43c =   1.598032
                   Q43s =  -3.612268  Q44c =   1.019753  Q44s =   1.195870

C          x = -1.828647  y = -0.754423  z = -0.392509 angstrom
           Maximum rank =  4   Radius =  0.650 angstrom
                   Q00  =  -0.155483
|Q1| =   0.044306  Q10  =  -0.043101  Q11c =   0.009107  Q11s =   0.004732
|Q2| =   0.293033  Q20  =  -0.149277  Q21c =  -0.052493  Q21s =   0.034165
                   Q22c =   0.186470  Q22s =  -0.157768
|Q3| =   4.145655  Q30  =  -0.101806  Q31c =  -1.601090  Q31s =  -3.169786
                   Q32c =  -1.647454  Q32s =  -0.742757  Q33c =   1.112918
                   Q33s =  -0.246319
|Q4| =   8.620453  Q40  =  -5.575779  Q41c =  -0.375860  Q41s =  -0.673704
                   Q42c =  -2.356711  Q42s =   4.993677  Q43c =   0.522265
                   Q43s =   3.440550  Q44c =  -0.100960  Q44s =   0.128503

H          x = -0.175222  y = -1.926590  z = -1.061755 angstrom
           Maximum rank =  1   Radius =  0.325 angstrom
                   Q00  =   0.117223
|Q1| =   0.133006  Q10  =   0.051919  Q11c =  -0.020326  Q11s =   0.120756

H          x = -0.191553  y = -0.297435  z = -1.735167 angstrom
           Maximum rank =  1   Radius =  0.325 angstrom
                   Q00  =   0.122884
|Q1| =   0.134648  Q10  =   0.125408  Q11c =  -0.018357  Q11s =  -0.045453

C          x = -2.382049  y =  0.639422  z = -0.109008 angstrom
           Maximum rank =  4   Radius =  0.650 angstrom
                   Q00  =  -0.175298
|Q1| =   0.053077  Q10  =  -0.015727  Q11c =  -0.014109  Q11s =  -0.048691
|Q2| =   0.184209  Q20  =  -0.041145  Q21c =  -0.000197  Q21s =   0.064013
                   Q22c =   0.049577  Q22s =  -0.160264
|Q3| =   4.264076  Q30  =   0.509842  Q31c =   1.919612  Q31s =   3.180427
                   Q32c =   1.571735  Q32s =   0.487049  Q33c =  -1.163036
                   Q33s =   0.249314
|Q4| =   8.775952  Q40  =  -5.175810  Q41c =   0.619016  Q41s =   2.528731
                   Q42c =  -2.372914  Q42s =   5.303560  Q43c =   1.127276
                   Q43s =   2.888676  Q44c =  -0.261742  Q44s =  -0.092149

H          x = -2.026607  y = -1.416786  z =  0.452316 angstrom
           Maximum rank =  1   Radius =  0.325 angstrom
                   Q00  =   0.099578
|Q1| =   0.147394  Q10  =  -0.091211  Q11c =   0.046784  Q11s =   0.105910

H          x = -2.393385  y = -1.184638  z = -1.223644 angstrom
           Maximum rank =  1   Radius =  0.325 angstrom
                   Q00  =   0.113180
|Q1| =   0.138381  Q10  =   0.090113  Q11c =   0.071963  Q11s =   0.076486

C          x = -3.896189  y =  0.612867  z =  0.057110 angstrom
           Maximum rank =  4   Radius =  0.650 angstrom
                   Q00  =  -0.147520
|Q1| =   0.023365  Q10  =  -0.003905  Q11c =   0.022868  Q11s =   0.002781
|Q2| =   0.173658  Q20  =  -0.067991  Q21c =  -0.030541  Q21s =   0.000887
                   Q22c =   0.098747  Q22s =  -0.121860
|Q3| =   5.342825  Q30  =  -1.260414  Q31c =  -1.940230  Q31s =  -3.729592
                   Q32c =  -1.978537  Q32s =  -0.512223  Q33c =   2.017573
                   Q33s =  -1.017449
|Q4| =  13.104419  Q40  =  -2.160495  Q41c =   3.557124  Q41s =  -2.141165
                   Q42c =   0.425022  Q42s =  10.023290  Q43c =   4.908888
                   Q43s =   1.505852  Q44c =  -0.953597  Q44s =   4.679661

H          x = -2.115685  y =  1.313982  z = -0.927078 angstrom
           Maximum rank =  1   Radius =  0.325 angstrom
                   Q00  =   0.093008
|Q1| =   0.147715  Q10  =   0.096949  Q11c =  -0.033455  Q11s =  -0.106309

H          x = -1.936118  y =  1.053842  z =  0.797198 angstrom
           Maximum rank =  1   Radius =  0.325 angstrom
                   Q00  =   0.084865
|Q1| =   0.146314  Q10  =  -0.117613  Q11c =  -0.042611  Q11s =  -0.075889

H          x = -4.382792  y =  0.255715  z = -0.850656 angstrom
           Maximum rank =  1   Radius =  0.325 angstrom
                   Q00  =   0.076600
|Q1| =   0.140685  Q10  =   0.098654  Q11c =   0.093319  Q11s =   0.036759

H          x = -4.281971  y =  1.606786  z =  0.274771 angstrom
           Maximum rank =  1   Radius =  0.325 angstrom
                   Q00  =   0.075690
|Q1| =   0.134447  Q10  =  -0.028419  Q11c =   0.074256  Q11s =  -0.108418

H          x = -4.189676  y = -0.045886  z =  0.875208 angstrom
           Maximum rank =  1   Radius =  0.325 angstrom
                   Q00  =   0.073175
|Q1| =   0.144628  Q10  =  -0.101966  Q11c =   0.073497  Q11s =   0.071543

Total multipoles referred to origin at
           x =   0.000000,  y =    0.000000,  z =    0.000000 angstrom
                   Q00  =   0.999923
|Q1| =   1.191043  Q10  =   0.079070  Q11c =   1.096830  Q11s =  -0.457489
|Q2| =   8.528686  Q20  =  -5.062048  Q21c =   0.761658  Q21s =  -0.636587
                   Q22c =   6.791405  Q22s =   0.074927
|Q3| =  33.715251  Q30  =  11.187687  Q31c =  -4.239346  Q31s = -18.334689
                   Q32c = -15.213950  Q32s =  -7.112942  Q33c =  -9.225355
                   Q33s =  17.036888
|Q4| = 266.496947  Q40  = 103.616913  Q41c =  50.120271  Q41s = -27.998026
                   Q42c =-166.977414  Q42s =  34.560554  Q43c = -15.241749
                   Q43s =  32.794115  Q44c = 131.932361  Q44s = -95.908423

CPU time used:     31m54.004s          Total:     31m54.004s

Finished at 16:27:57 on 31 Oct 2022 
