                                     G D M A
                                 by Anthony Stone

               Distributed Multipoles from Gaussian wavefunctions

                             version 2.3.3 (ce9c35b)
              Compiled with gfortran on 10 September 2020 at 14:03:08

Starting at 15:56:03 on 31 Oct 2022 

M062X Sadlej-pVTZ



Using SCF density matrix from file ../spec.fchk


                         Distributed Multipole Analysis

Standard DMA for products of primitives with exponent greater than 4.00000
Using 80-point Euler-MacLaurin radial quadrature
Using 590-point Lebedev quadrature
Becke smoothing parameter = 3

Positions and radii in angstrom
Multipole moments in atomic units, ea_0^k for rank k

C          x =  2.068148  y = -0.836663  z = -0.439403 angstrom
           Maximum rank =  4   Radius =  0.650 angstrom
                   Q00  =  -0.042059
|Q1| =   0.150773  Q10  =   0.069301  Q11c =  -0.105145  Q11s =   0.082913
|Q2| =   0.282128  Q20  =  -0.109863  Q21c =  -0.122557  Q21s =   0.175274
                   Q22c =   0.072356  Q22s =  -0.128646
|Q3| =   4.081757  Q30  =  -0.329216  Q31c =   0.267916  Q31s =  -3.179750
                   Q32c =   0.936786  Q32s =  -2.023345  Q33c =  -1.068738
                   Q33s =  -0.506038
|Q4| =   9.317533  Q40  =  -5.357890  Q41c =  -1.884511  Q41s =   1.922503
                   Q42c =  -5.248412  Q42s =  -1.143941  Q43c =  -2.811320
                   Q43s =  -3.196201  Q44c =  -1.971457  Q44s =  -0.041790

C          x =  2.764771  y =  0.478088  z = -0.739315 angstrom
           Maximum rank =  4   Radius =  0.650 angstrom
                   Q00  =  -0.117632
|Q1| =   0.094204  Q10  =   0.048441  Q11c =  -0.077748  Q11s =  -0.021977
|Q2| =   0.350305  Q20  =  -0.060963  Q21c =  -0.236615  Q21s =  -0.082908
                   Q22c =   0.235325  Q22s =   0.027539
|Q3| =   3.995088  Q30  =  -1.415289  Q31c =  -2.203923  Q31s =   2.083221
                   Q32c =   0.038076  Q32s =   0.371897  Q33c =   2.127519
                   Q33s =  -0.307426
|Q4| =  10.179828  Q40  =   5.041721  Q41c =   2.797103  Q41s =  -4.285625
                   Q42c =  -5.528914  Q42s =  -0.604636  Q43c =  -1.244961
                   Q43s =   0.626043  Q44c =   4.299854  Q44s =  -0.809004

C          x =  2.224295  y =  1.396812  z =  0.348594 angstrom
           Maximum rank =  4   Radius =  0.650 angstrom
                   Q00  =  -0.119714
|Q1| =   0.093563  Q10  =  -0.032714  Q11c =  -0.051563  Q11s =  -0.070888
|Q2| =   0.350534  Q20  =  -0.146159  Q21c =   0.120762  Q21s =   0.119767
                   Q22c =  -0.184793  Q22s =   0.196050
|Q3| =   3.982583  Q30  =   1.455525  Q31c =   2.045889  Q31s =  -1.854164
                   Q32c =   1.493277  Q32s =  -0.339795  Q33c =  -0.982951
                   Q33s =  -1.675500
|Q4| =   9.918030  Q40  =   3.112397  Q41c =   4.594804  Q41s =   1.006854
                   Q42c =   6.163648  Q42s =  -1.937718  Q43c =   2.186272
                   Q43s =   0.971068  Q44c =   3.287513  Q44s =  -2.877241

H          x =  2.488263  y =  0.848413  z = -1.726709 angstrom
           Maximum rank =  1   Radius =  0.325 angstrom
                   Q00  =   0.104161
|Q1| =   0.139129  Q10  =   0.131719  Q11c =  -0.001435  Q11s =  -0.044777

H          x =  3.845029  y =  0.364149  z = -0.714722 angstrom
           Maximum rank =  1   Radius =  0.325 angstrom
                   Q00  =   0.108901
|Q1| =   0.126435  Q10  =   0.021862  Q11c =  -0.124359  Q11s =   0.006517

C          x =  0.752388  y =  1.037353  z =  0.364768 angstrom
           Maximum rank =  4   Radius =  0.650 angstrom
                   Q00  =  -0.056409
|Q1| =   0.179772  Q10  =  -0.061030  Q11c =   0.069734  Q11s =  -0.154047
|Q2| =   0.234065  Q20  =  -0.123050  Q21c =  -0.114522  Q21s =   0.087013
                   Q22c =  -0.134039  Q22s =  -0.031497
|Q3| =   3.672316  Q30  =   0.961495  Q31c =  -2.872833  Q31s =   1.667746
                   Q32c =  -0.022307  Q32s =   0.408688  Q33c =   0.679312
                   Q33s =   0.947576
|Q4| =   8.714996  Q40  =  -5.252803  Q41c =  -3.508375  Q41s =   1.351532
                   Q42c =   1.374660  Q42s =  -5.537596  Q43c =  -0.810626
                   Q43s =   0.466780  Q44c =  -0.844159  Q44s =  -0.285704

H          x =  2.368087  y =  2.452612  z =  0.135668 angstrom
           Maximum rank =  1   Radius =  0.325 angstrom
                   Q00  =   0.111602
|Q1| =   0.124951  Q10  =   0.001192  Q11c =  -0.030096  Q11s =  -0.121266

H          x =  2.693086  y =  1.182873  z =  1.309925 angstrom
           Maximum rank =  1   Radius =  0.325 angstrom
                   Q00  =   0.101737
|Q1| =   0.141155  Q10  =  -0.122722  Q11c =  -0.069440  Q11s =  -0.006490

N          x =  0.699480  y = -0.469681  z =  0.147274 angstrom
           Maximum rank =  4   Radius =  0.650 angstrom
                   Q00  =  -0.199327
|Q1| =   0.046439  Q10  =   0.003798  Q11c =   0.020100  Q11s =   0.041691
|Q2| =   0.240173  Q20  =  -0.080506  Q21c =   0.000034  Q21s =  -0.036978
                   Q22c =   0.109730  Q22s =   0.194406
|Q3| =   2.328126  Q30  =   0.704343  Q31c =  -0.509728  Q31s =  -1.252306
                   Q32c =  -1.431295  Q32s =   0.089689  Q33c =   0.030206
                   Q33s =  -1.019027
|Q4| =   0.824005  Q40  =   0.183544  Q41c =  -0.233856  Q41s =   0.189186
                   Q42c =  -0.367768  Q42s =   0.581533  Q43c =  -0.002589
                   Q43s =  -0.001058  Q44c =  -0.280649  Q44s =   0.051088

H          x =  0.231460  y =  1.503279  z = -0.466785 angstrom
           Maximum rank =  1   Radius =  0.325 angstrom
                   Q00  =   0.126685
|Q1| =   0.131591  Q10  =   0.086244  Q11c =   0.055683  Q11s =  -0.082326

H          x =  0.231646  y =  1.279626  z =  1.284742 angstrom
           Maximum rank =  1   Radius =  0.325 angstrom
                   Q00  =   0.126332
|Q1| =   0.125598  Q10  =  -0.097230  Q11c =   0.058366  Q11s =  -0.053987

H          x =  2.601338  y = -1.401484  z =  0.320605 angstrom
           Maximum rank =  1   Radius =  0.325 angstrom
                   Q00  =   0.121173
|Q1| =   0.130827  Q10  =  -0.060361  Q11c =  -0.077822  Q11s =   0.086116

H          x =  1.918126  y = -1.474004  z = -1.304384 angstrom
           Maximum rank =  1   Radius =  0.325 angstrom
                   Q00  =   0.121932
|Q1| =   0.125673  Q10  =   0.086773  Q11c =  -0.012875  Q11s =   0.089990

C          x =  0.511614  y = -1.164642  z =  1.450942 angstrom
           Maximum rank =  4   Radius =  0.650 angstrom
                   Q00  =  -0.058984
|Q1| =   0.136917  Q10  =  -0.118246  Q11c =   0.014748  Q11s =   0.067430
|Q2| =   0.356411  Q20  =   0.236369  Q21c =  -0.018662  Q21s =  -0.258222
                   Q22c =  -0.032318  Q22s =   0.055560
|Q3| =   4.784281  Q30  =  -0.955465  Q31c =   1.056878  Q31s =   0.958900
                   Q32c =   2.643370  Q32s =   0.422659  Q33c =  -0.859389
                   Q33s =   3.469200
|Q4| =  11.862373  Q40  =  -1.422506  Q41c =   3.377078  Q41s =  -1.643937
                   Q42c =   6.712327  Q42s =   1.963119  Q43c =  -0.736827
                   Q43s =   5.094576  Q44c =   6.827813  Q44s =  -1.599806

H          x = -0.443141  y = -0.879203  z =  1.879999 angstrom
           Maximum rank =  1   Radius =  0.325 angstrom
                   Q00  =   0.118522
|Q1| =   0.118290  Q10  =  -0.086371  Q11c =   0.080414  Q11s =  -0.008146

H          x =  1.314875  y = -0.871554  z =  2.121361 angstrom
           Maximum rank =  1   Radius =  0.325 angstrom
                   Q00  =   0.113484
|Q1| =   0.123732  Q10  =  -0.099926  Q11c =  -0.072885  Q11s =  -0.003486

H          x =  0.540819  y = -2.239135  z =  1.287559 angstrom
           Maximum rank =  1   Radius =  0.325 angstrom
                   Q00  =   0.118373
|Q1| =   0.121372  Q10  =  -0.019368  Q11c =  -0.005041  Q11s =   0.119710

C          x = -0.379821  y = -0.881614  z = -0.834408 angstrom
           Maximum rank =  4   Radius =  0.650 angstrom
                   Q00  =  -0.059202
|Q1| =   0.139310  Q10  =   0.108373  Q11c =   0.071994  Q11s =   0.049795
|Q2| =   0.307460  Q20  =  -0.056308  Q21c =   0.215258  Q21s =   0.076804
                   Q22c =   0.177238  Q22s =   0.087821
|Q3| =   3.747779  Q30  =  -0.074551  Q31c =   0.419361  Q31s =   2.520235
                   Q32c =   1.944064  Q32s =  -0.421117  Q33c =  -1.200056
                   Q33s =   1.454640
|Q4| =   9.150243  Q40  =   1.249810  Q41c =   0.464613  Q41s =  -7.626659
                   Q42c =  -1.295176  Q42s =   2.025208  Q43c =   1.586529
                   Q43s =  -3.614151  Q44c =   1.025657  Q44s =   1.171774

C          x = -1.828647  y = -0.754423  z = -0.392509 angstrom
           Maximum rank =  4   Radius =  0.650 angstrom
                   Q00  =  -0.155555
|Q1| =   0.043230  Q10  =  -0.042261  Q11c =   0.008050  Q11s =   0.004246
|Q2| =   0.295226  Q20  =  -0.150912  Q21c =  -0.054125  Q21s =   0.034302
                   Q22c =   0.189969  Q22s =  -0.155530
|Q3| =   4.147011  Q30  =  -0.094971  Q31c =  -1.600971  Q31s =  -3.168893
                   Q32c =  -1.650838  Q32s =  -0.736522  Q33c =   1.118565
                   Q33s =  -0.254490
|Q4| =   8.630041  Q40  =  -5.576780  Q41c =  -0.407007  Q41s =  -0.686805
                   Q42c =  -2.343684  Q42s =   5.008640  Q43c =   0.550119
                   Q43s =   3.438411  Q44c =  -0.131964  Q44s =   0.133196

H          x = -0.175222  y = -1.926590  z = -1.061755 angstrom
           Maximum rank =  1   Radius =  0.325 angstrom
                   Q00  =   0.116425
|Q1| =   0.133774  Q10  =   0.052695  Q11c =  -0.021015  Q11s =   0.121149

H          x = -0.191553  y = -0.297435  z = -1.735167 angstrom
           Maximum rank =  1   Radius =  0.325 angstrom
                   Q00  =   0.121311
|Q1| =   0.136123  Q10  =   0.126785  Q11c =  -0.019076  Q11s =  -0.045729

C          x = -2.382049  y =  0.639422  z = -0.109008 angstrom
           Maximum rank =  4   Radius =  0.650 angstrom
                   Q00  =  -0.175331
|Q1| =   0.053066  Q10  =  -0.014527  Q11c =  -0.014970  Q11s =  -0.048794
|Q2| =   0.184405  Q20  =  -0.039964  Q21c =  -0.001026  Q21s =   0.063726
                   Q22c =   0.045561  Q22s =  -0.162081
|Q3| =   4.259664  Q30  =   0.521637  Q31c =   1.916769  Q31s =   3.177446
                   Q32c =   1.566624  Q32s =   0.490927  Q33c =  -1.160589
                   Q33s =   0.245305
|Q4| =   8.758989  Q40  =  -5.159095  Q41c =   0.624641  Q41s =   2.555897
                   Q42c =  -2.393576  Q42s =   5.278017  Q43c =   1.111124
                   Q43s =   2.879276  Q44c =  -0.248350  Q44s =  -0.087600

H          x = -2.026607  y = -1.416786  z =  0.452316 angstrom
           Maximum rank =  1   Radius =  0.325 angstrom
                   Q00  =   0.101080
|Q1| =   0.145991  Q10  =  -0.090098  Q11c =   0.045759  Q11s =   0.105366

H          x = -2.393385  y = -1.184638  z = -1.223644 angstrom
           Maximum rank =  1   Radius =  0.325 angstrom
                   Q00  =   0.113091
|Q1| =   0.138523  Q10  =   0.090840  Q11c =   0.071309  Q11s =   0.076496

C          x = -3.896189  y =  0.612867  z =  0.057110 angstrom
           Maximum rank =  4   Radius =  0.650 angstrom
                   Q00  =  -0.147135
|Q1| =   0.021637  Q10  =  -0.002390  Q11c =   0.021306  Q11s =   0.002910
|Q2| =   0.178258  Q20  =  -0.070000  Q21c =  -0.032340  Q21s =   0.003781
                   Q22c =   0.105651  Q22s =  -0.121052
|Q3| =   5.330914  Q30  =  -1.251475  Q31c =  -1.938801  Q31s =  -3.719750
                   Q32c =  -1.977611  Q32s =  -0.512981  Q33c =   2.012938
                   Q33s =  -1.015360
|Q4| =  13.101584  Q40  =  -2.178600  Q41c =   3.523638  Q41s =  -2.144834
                   Q42c =   0.441598  Q42s =  10.016154  Q43c =   4.931689
                   Q43s =   1.501853  Q44c =  -0.981936  Q44s =   4.672172

H          x = -2.115685  y =  1.313982  z = -0.927078 angstrom
           Maximum rank =  1   Radius =  0.325 angstrom
                   Q00  =   0.091665
|Q1| =   0.148927  Q10  =   0.098082  Q11c =  -0.034307  Q11s =  -0.106688

H          x = -1.936118  y =  1.053842  z =  0.797198 angstrom
           Maximum rank =  1   Radius =  0.325 angstrom
                   Q00  =   0.085454
|Q1| =   0.145569  Q10  =  -0.116643  Q11c =  -0.043235  Q11s =  -0.075602

H          x = -4.382792  y =  0.255715  z = -0.850656 angstrom
           Maximum rank =  1   Radius =  0.325 angstrom
                   Q00  =   0.076583
|Q1| =   0.140459  Q10  =   0.099385  Q11c =   0.092230  Q11s =   0.036675

H          x = -4.281971  y =  1.606786  z =  0.274771 angstrom
           Maximum rank =  1   Radius =  0.325 angstrom
                   Q00  =   0.077308
|Q1| =   0.132887  Q10  =  -0.027337  Q11c =   0.072798  Q11s =  -0.107759

H          x = -4.189676  y = -0.045886  z =  0.875208 angstrom
           Maximum rank =  1   Radius =  0.325 angstrom
                   Q00  =   0.075451
|Q1| =   0.142343  Q10  =  -0.100278  Q11c =   0.071884  Q11s =   0.070981

Total multipoles referred to origin at
           x =   0.000000,  y =    0.000000,  z =    0.000000 angstrom
                   Q00  =   0.999923
|Q1| =   1.107121  Q10  =   0.156099  Q11c =   0.995965  Q11s =  -0.457606
|Q2| =   8.606618  Q20  =  -5.100498  Q21c =   0.762865  Q21s =  -0.639725
                   Q22c =   6.860560  Q22s =   0.017253
|Q3| =  33.231084  Q30  =   9.117055  Q31c =  -1.284433  Q31s = -18.486462
                   Q32c = -12.998271  Q32s =  -7.105840  Q33c = -12.605424
                   Q33s =  17.304350
|Q4| = 290.844337  Q40  = 111.915507  Q41c =  55.392569  Q41s = -31.573840
                   Q42c =-179.137136  Q42s =  41.162469  Q43c = -18.971668
                   Q43s =  39.673101  Q44c = 142.676495  Q44s =-109.202472

CPU time used:     32m42.298s          Total:     32m42.298s

Finished at 16:28:46 on 31 Oct 2022 
