                                     G D M A
                                 by Anthony Stone

               Distributed Multipoles from Gaussian wavefunctions

                             version 2.3.3 (ce9c35b)
              Compiled with gfortran on 10 September 2020 at 14:03:08

Starting at 15:56:01 on 31 Oct 2022 

M062X Sadlej-pVTZ



Using SCF density matrix from file ../spec.fchk


                         Distributed Multipole Analysis

Standard DMA for products of primitives with exponent greater than 4.00000
Using 80-point Euler-MacLaurin radial quadrature
Using 590-point Lebedev quadrature
Becke smoothing parameter = 3

Positions and radii in angstrom
Multipole moments in atomic units, ea_0^k for rank k

C          x =  2.068148  y = -0.836663  z = -0.439403 angstrom
           Maximum rank =  4   Radius =  0.650 angstrom
                   Q00  =  -0.041403
|Q1| =   0.148856  Q10  =   0.069004  Q11c =  -0.103567  Q11s =   0.081673
|Q2| =   0.287075  Q20  =  -0.113756  Q21c =  -0.125665  Q21s =   0.176594
                   Q22c =   0.072841  Q22s =  -0.131105
|Q3| =   4.072790  Q30  =  -0.328386  Q31c =   0.269503  Q31s =  -3.169876
                   Q32c =   0.936878  Q32s =  -2.019716  Q33c =  -1.070820
                   Q33s =  -0.505357
|Q4| =   9.299481  Q40  =  -5.352770  Q41c =  -1.885008  Q41s =   1.927966
                   Q42c =  -5.221798  Q42s =  -1.150997  Q43c =  -2.804336
                   Q43s =  -3.203561  Q44c =  -1.958827  Q44s =  -0.042763

C          x =  2.764771  y =  0.478088  z = -0.739315 angstrom
           Maximum rank =  4   Radius =  0.650 angstrom
                   Q00  =  -0.117188
|Q1| =   0.093470  Q10  =   0.048439  Q11c =  -0.076523  Q11s =  -0.023118
|Q2| =   0.349848  Q20  =  -0.058412  Q21c =  -0.238331  Q21s =  -0.080219
                   Q22c =   0.234711  Q22s =   0.025613
|Q3| =   3.986618  Q30  =  -1.419359  Q31c =  -2.194141  Q31s =   2.076927
                   Q32c =   0.037869  Q32s =   0.369924  Q33c =   2.124639
                   Q33s =  -0.313528
|Q4| =  10.162097  Q40  =   5.054166  Q41c =   2.782466  Q41s =  -4.279654
                   Q42c =  -5.507298  Q42s =  -0.592930  Q43c =  -1.228235
                   Q43s =   0.623755  Q44c =   4.288931  Q44s =  -0.831637

C          x =  2.224295  y =  1.396812  z =  0.348594 angstrom
           Maximum rank =  4   Radius =  0.650 angstrom
                   Q00  =  -0.119914
|Q1| =   0.093655  Q10  =  -0.032728  Q11c =  -0.050292  Q11s =  -0.071909
|Q2| =   0.351289  Q20  =  -0.149145  Q21c =   0.121945  Q21s =   0.117166
                   Q22c =  -0.182184  Q22s =   0.198419
|Q3| =   3.987566  Q30  =   1.451968  Q31c =   2.047402  Q31s =  -1.861952
                   Q32c =   1.498384  Q32s =  -0.345106  Q33c =  -0.987401
                   Q33s =  -1.671688
|Q4| =   9.926745  Q40  =   3.095241  Q41c =   4.587027  Q41s =   1.006739
                   Q42c =   6.181314  Q42s =  -1.960482  Q43c =   2.197183
                   Q43s =   0.956126  Q44c =   3.273388  Q44s =  -2.897659

H          x =  2.488263  y =  0.848413  z = -1.726709 angstrom
           Maximum rank =  1   Radius =  0.325 angstrom
                   Q00  =   0.103666
|Q1| =   0.139436  Q10  =   0.131793  Q11c =  -0.000690  Q11s =  -0.045526

H          x =  3.845029  y =  0.364149  z = -0.714722 angstrom
           Maximum rank =  1   Radius =  0.325 angstrom
                   Q00  =   0.111008
|Q1| =   0.124676  Q10  =   0.021675  Q11c =  -0.122643  Q11s =   0.005747

C          x =  0.752388  y =  1.037353  z =  0.364768 angstrom
           Maximum rank =  4   Radius =  0.650 angstrom
                   Q00  =  -0.056946
|Q1| =   0.181364  Q10  =  -0.061141  Q11c =   0.070371  Q11s =  -0.155572
|Q2| =   0.229514  Q20  =  -0.119640  Q21c =  -0.113933  Q21s =   0.085816
                   Q22c =  -0.130715  Q22s =  -0.030519
|Q3| =   3.674620  Q30  =   0.964197  Q31c =  -2.873978  Q31s =   1.670068
                   Q32c =  -0.022832  Q32s =   0.409659  Q33c =   0.670839
                   Q33s =   0.951794
|Q4| =   8.714709  Q40  =  -5.255803  Q41c =  -3.504315  Q41s =   1.359915
                   Q42c =   1.379957  Q42s =  -5.533900  Q43c =  -0.809417
                   Q43s =   0.457274  Q44c =  -0.839993  Q44s =  -0.308114

H          x =  2.368087  y =  2.452612  z =  0.135668 angstrom
           Maximum rank =  1   Radius =  0.325 angstrom
                   Q00  =   0.110300
|Q1| =   0.126022  Q10  =   0.001188  Q11c =  -0.029480  Q11s =  -0.122520

H          x =  2.693086  y =  1.182873  z =  1.309925 angstrom
           Maximum rank =  1   Radius =  0.325 angstrom
                   Q00  =   0.102569
|Q1| =   0.140476  Q10  =  -0.122441  Q11c =  -0.068486  Q11s =  -0.007175

N          x =  0.699480  y = -0.469681  z =  0.147274 angstrom
           Maximum rank =  4   Radius =  0.650 angstrom
                   Q00  =  -0.199369
|Q1| =   0.046107  Q10  =   0.003617  Q11c =   0.020762  Q11s =   0.041009
|Q2| =   0.239985  Q20  =  -0.080776  Q21c =   0.001425  Q21s =  -0.036468
                   Q22c =   0.108133  Q22s =   0.195047
|Q3| =   2.326704  Q30  =   0.704636  Q31c =  -0.509514  Q31s =  -1.251285
                   Q32c =  -1.430601  Q32s =   0.090152  Q33c =   0.029972
                   Q33s =  -1.017879
|Q4| =   0.822564  Q40  =   0.186053  Q41c =  -0.233436  Q41s =   0.186377
                   Q42c =  -0.366777  Q42s =   0.582449  Q43c =  -0.002055
                   Q43s =  -0.003465  Q44c =  -0.276024  Q44s =   0.052812

H          x =  0.231460  y =  1.503279  z = -0.466785 angstrom
           Maximum rank =  1   Radius =  0.325 angstrom
                   Q00  =   0.125148
|Q1| =   0.132869  Q10  =   0.086714  Q11c =   0.056393  Q11s =  -0.083395

H          x =  0.231646  y =  1.279626  z =  1.284742 angstrom
           Maximum rank =  1   Radius =  0.325 angstrom
                   Q00  =   0.124978
|Q1| =   0.126761  Q10  =  -0.097789  Q11c =   0.059140  Q11s =  -0.054847

H          x =  2.601338  y = -1.401484  z =  0.320605 angstrom
           Maximum rank =  1   Radius =  0.325 angstrom
                   Q00  =   0.123198
|Q1| =   0.128883  Q10  =  -0.059855  Q11c =  -0.076465  Q11s =   0.084742

H          x =  1.918126  y = -1.474004  z = -1.304384 angstrom
           Maximum rank =  1   Radius =  0.325 angstrom
                   Q00  =   0.123231
|Q1| =   0.124323  Q10  =   0.086196  Q11c =  -0.012174  Q11s =   0.088759

C          x =  0.511614  y = -1.164642  z =  1.450942 angstrom
           Maximum rank =  4   Radius =  0.650 angstrom
                   Q00  =  -0.058837
|Q1| =   0.136175  Q10  =  -0.117937  Q11c =   0.015767  Q11s =   0.066227
|Q2| =   0.357800  Q20  =   0.235786  Q21c =  -0.018135  Q21s =  -0.261433
                   Q22c =  -0.030596  Q22s =   0.053042
|Q3| =   4.782802  Q30  =  -0.955690  Q31c =   1.056187  Q31s =   0.956571
                   Q32c =   2.647265  Q32s =   0.419743  Q33c =  -0.864964
                   Q33s =   3.463947
|Q4| =  11.851939  Q40  =  -1.410370  Q41c =   3.362381  Q41s =  -1.650240
                   Q42c =   6.724844  Q42s =   1.970087  Q43c =  -0.729208
                   Q43s =   5.068413  Q44c =   6.827112  Q44s =  -1.586067

H          x = -0.443141  y = -0.879203  z =  1.879999 angstrom
           Maximum rank =  1   Radius =  0.325 angstrom
                   Q00  =   0.117216
|Q1| =   0.119086  Q10  =  -0.086698  Q11c =   0.081169  Q11s =  -0.008754

H          x =  1.314875  y = -0.871554  z =  2.121361 angstrom
           Maximum rank =  1   Radius =  0.325 angstrom
                   Q00  =   0.114451
|Q1| =   0.122854  Q10  =  -0.099499  Q11c =  -0.071942  Q11s =  -0.004150

H          x =  0.540819  y = -2.239135  z =  1.287559 angstrom
           Maximum rank =  1   Radius =  0.325 angstrom
                   Q00  =   0.120035
|Q1| =   0.119899  Q10  =  -0.019210  Q11c =  -0.004329  Q11s =   0.118271

C          x = -0.379821  y = -0.881614  z = -0.834408 angstrom
           Maximum rank =  4   Radius =  0.650 angstrom
                   Q00  =  -0.059037
|Q1| =   0.139133  Q10  =   0.108429  Q11c =   0.072244  Q11s =   0.048805
|Q2| =   0.305864  Q20  =  -0.056069  Q21c =   0.212111  Q21s =   0.077116
                   Q22c =   0.178342  Q22s =   0.087551
|Q3| =   3.745976  Q30  =  -0.076105  Q31c =   0.424247  Q31s =   2.516729
                   Q32c =   1.938576  Q32s =  -0.419071  Q33c =  -1.204025
                   Q33s =   1.459200
|Q4| =   9.146773  Q40  =   1.259883  Q41c =   0.445166  Q41s =  -7.611911
                   Q42c =  -1.267605  Q42s =   2.035844  Q43c =   1.604423
                   Q43s =  -3.621629  Q44c =   1.030945  Q44s =   1.196703

C          x = -1.828647  y = -0.754423  z = -0.392509 angstrom
           Maximum rank =  4   Radius =  0.650 angstrom
                   Q00  =  -0.155399
|Q1| =   0.043082  Q10  =  -0.041972  Q11c =   0.008978  Q11s =   0.003717
|Q2| =   0.293586  Q20  =  -0.152693  Q21c =  -0.053513  Q21s =   0.036221
                   Q22c =   0.184792  Q22s =  -0.156696
|Q3| =   4.144441  Q30  =  -0.096486  Q31c =  -1.598079  Q31s =  -3.168509
                   Q32c =  -1.648832  Q32s =  -0.737628  Q33c =   1.118869
                   Q33s =  -0.243241
|Q4| =   8.641421  Q40  =  -5.588909  Q41c =  -0.416193  Q41s =  -0.662358
                   Q42c =  -2.362847  Q42s =   5.009674  Q43c =   0.532633
                   Q43s =   3.440836  Q44c =  -0.102346  Q44s =   0.113624

H          x = -0.175222  y = -1.926590  z = -1.061755 angstrom
           Maximum rank =  1   Radius =  0.325 angstrom
                   Q00  =   0.118154
|Q1| =   0.132277  Q10  =   0.052375  Q11c =  -0.020271  Q11s =   0.119763

H          x = -0.191553  y = -0.297435  z = -1.735167 angstrom
           Maximum rank =  1   Radius =  0.325 angstrom
                   Q00  =   0.121039
|Q1| =   0.136312  Q10  =   0.126876  Q11c =  -0.018429  Q11s =  -0.046300

C          x = -2.382049  y =  0.639422  z = -0.109008 angstrom
           Maximum rank =  4   Radius =  0.650 angstrom
                   Q00  =  -0.175408
|Q1| =   0.053829  Q10  =  -0.014399  Q11c =  -0.013963  Q11s =  -0.049953
|Q2| =   0.182988  Q20  =  -0.039025  Q21c =  -0.001743  Q21s =   0.061849
                   Q22c =   0.051990  Q22s =  -0.159469
|Q3| =   4.262327  Q30  =   0.523121  Q31c =   1.921864  Q31s =   3.176601
                   Q32c =   1.567811  Q32s =   0.488190  Q33c =  -1.160506
                   Q33s =   0.257462
|Q4| =   8.766614  Q40  =  -5.162605  Q41c =   0.620966  Q41s =   2.551380
                   Q42c =  -2.361452  Q42s =   5.302019  Q43c =   1.129913
                   Q43s =   2.872594  Q44c =  -0.286917  Q44s =  -0.084909

H          x = -2.026607  y = -1.416786  z =  0.452316 angstrom
           Maximum rank =  1   Radius =  0.325 angstrom
                   Q00  =   0.101673
|Q1| =   0.145415  Q10  =  -0.090008  Q11c =   0.046280  Q11s =   0.104413

H          x = -2.393385  y = -1.184638  z = -1.223644 angstrom
           Maximum rank =  1   Radius =  0.325 angstrom
                   Q00  =   0.112833
|Q1| =   0.138531  Q10  =   0.090884  Q11c =   0.071995  Q11s =   0.075813

C          x = -3.896189  y =  0.612867  z =  0.057110 angstrom
           Maximum rank =  4   Radius =  0.650 angstrom
                   Q00  =  -0.147611
|Q1| =   0.022976  Q10  =  -0.002348  Q11c =   0.022820  Q11s =   0.001262
|Q2| =   0.173327  Q20  =  -0.069031  Q21c =  -0.031359  Q21s =   0.005806
                   Q22c =   0.098729  Q22s =  -0.120468
|Q3| =   5.344933  Q30  =  -1.256540  Q31c =  -1.936314  Q31s =  -3.731378
                   Q32c =  -1.983194  Q32s =  -0.519076  Q33c =   2.021859
                   Q33s =  -1.013168
|Q4| =  13.108957  Q40  =  -2.157632  Q41c =   3.541143  Q41s =  -2.151489
                   Q42c =   0.412683  Q42s =  10.033675  Q43c =   4.929461
                   Q43s =   1.513086  Q44c =  -0.969098  Q44s =   4.652707

H          x = -2.115685  y =  1.313982  z = -0.927078 angstrom
           Maximum rank =  1   Radius =  0.325 angstrom
                   Q00  =   0.090798
|Q1| =   0.149835  Q10  =   0.098427  Q11c =  -0.033589  Q11s =  -0.107863

H          x = -1.936118  y =  1.053842  z =  0.797198 angstrom
           Maximum rank =  1   Radius =  0.325 angstrom
                   Q00  =   0.085286
|Q1| =   0.146015  Q10  =  -0.116847  Q11c =  -0.042569  Q11s =  -0.076518

H          x = -4.382792  y =  0.255715  z = -0.850656 angstrom
           Maximum rank =  1   Radius =  0.325 angstrom
                   Q00  =   0.075691
|Q1| =   0.141480  Q10  =   0.099809  Q11c =   0.093602  Q11s =   0.035964

H          x = -4.281971  y =  1.606786  z =  0.274771 angstrom
           Maximum rank =  1   Radius =  0.325 angstrom
                   Q00  =   0.074410
|Q1| =   0.135511  Q10  =  -0.027609  Q11c =   0.074581  Q11s =  -0.109721

H          x = -4.189676  y = -0.045886  z =  0.875208 angstrom
           Maximum rank =  1   Radius =  0.325 angstrom
                   Q00  =   0.075352
|Q1| =   0.142683  Q10  =  -0.100474  Q11c =   0.072987  Q11s =   0.070259

Total multipoles referred to origin at
           x =   0.000000,  y =    0.000000,  z =    0.000000 angstrom
                   Q00  =   0.999923
|Q1| =   1.229539  Q10  =   0.154323  Q11c =   1.094946  Q11s =  -0.537628
|Q2| =   8.479396  Q20  =  -5.024543  Q21c =   0.750234  Q21s =  -0.646946
                   Q22c =   6.757661  Q22s =   0.082245
|Q3| =  30.339475  Q30  =   9.254423  Q31c =  -4.268990  Q31s = -17.422125
                   Q32c = -13.135724  Q32s =  -7.036392  Q33c =  -9.258265
                   Q33s =  14.328682
|Q4| = 269.835140  Q40  = 100.518051  Q41c =  58.622000  Q41s = -30.829186
                   Q42c =-168.820884  Q42s =  30.191008  Q43c = -23.050845
                   Q43s =  39.596056  Q44c = 140.569688  Q44s = -83.959112

CPU time used:     32m43.146s          Total:     32m43.146s

Finished at 16:28:45 on 31 Oct 2022 
