                                     G D M A
                                 by Anthony Stone

               Distributed Multipoles from Gaussian wavefunctions

                             version 2.3.3 (ce9c35b)
              Compiled with gfortran on 10 September 2020 at 14:03:08

Starting at 15:56:03 on 31 Oct 2022 

M062X Sadlej-pVTZ



Using SCF density matrix from file ../spec.fchk


                         Distributed Multipole Analysis

Standard DMA for products of primitives with exponent greater than 4.00000
Using 80-point Euler-MacLaurin radial quadrature
Using 590-point Lebedev quadrature
Becke smoothing parameter = 3

Positions and radii in angstrom
Multipole moments in atomic units, ea_0^k for rank k

C          x =  2.068148  y = -0.836663  z = -0.439403 angstrom
           Maximum rank =  4   Radius =  0.650 angstrom
                   Q00  =  -0.041474
|Q1| =   0.148645  Q10  =   0.069022  Q11c =  -0.102695  Q11s =   0.082373
|Q2| =   0.289986  Q20  =  -0.111753  Q21c =  -0.125771  Q21s =   0.178495
                   Q22c =   0.077779  Q22s =  -0.133697
|Q3| =   4.077940  Q30  =  -0.327290  Q31c =   0.271751  Q31s =  -3.174956
                   Q32c =   0.939003  Q32s =  -2.017592  Q33c =  -1.071666
                   Q33s =  -0.517113
|Q4| =   9.294674  Q40  =  -5.358476  Q41c =  -1.887012  Q41s =   1.929301
                   Q42c =  -5.209552  Q42s =  -1.157280  Q43c =  -2.777227
                   Q43s =  -3.203807  Q44c =  -1.983816  Q44s =  -0.055322

C          x =  2.764771  y =  0.478088  z = -0.739315 angstrom
           Maximum rank =  4   Radius =  0.650 angstrom
                   Q00  =  -0.116647
|Q1| =   0.091913  Q10  =   0.048446  Q11c =  -0.075028  Q11s =  -0.021723
|Q2| =   0.350595  Q20  =  -0.059873  Q21c =  -0.240207  Q21s =  -0.082627
                   Q22c =   0.232155  Q22s =   0.030160
|Q3| =   3.978592  Q30  =  -1.415087  Q31c =  -2.187419  Q31s =   2.076723
                   Q32c =   0.043875  Q32s =   0.363638  Q33c =   2.121206
                   Q33s =  -0.308980
|Q4| =  10.147531  Q40  =   5.030262  Q41c =   2.765709  Q41s =  -4.280689
                   Q42c =  -5.515581  Q42s =  -0.596553  Q43c =  -1.220139
                   Q43s =   0.628365  Q44c =   4.285008  Q44s =  -0.820368

C          x =  2.224295  y =  1.396812  z =  0.348594 angstrom
           Maximum rank =  4   Radius =  0.650 angstrom
                   Q00  =  -0.119184
|Q1| =   0.091831  Q10  =  -0.032823  Q11c =  -0.048808  Q11s =  -0.070523
|Q2| =   0.352459  Q20  =  -0.150845  Q21c =   0.122238  Q21s =   0.119743
                   Q22c =  -0.178072  Q22s =   0.201204
|Q3| =   3.977449  Q30  =   1.446334  Q31c =   2.043265  Q31s =  -1.854564
                   Q32c =   1.500443  Q32s =  -0.341880  Q33c =  -0.986409
                   Q33s =  -1.665133
|Q4| =   9.910666  Q40  =   3.073565  Q41c =   4.579082  Q41s =   1.011543
                   Q42c =   6.171898  Q42s =  -1.957775  Q43c =   2.208212
                   Q43s =   0.955109  Q44c =   3.268714  Q44s =  -2.895714

H          x =  2.488263  y =  0.848413  z = -1.726709 angstrom
           Maximum rank =  1   Radius =  0.325 angstrom
                   Q00  =   0.104361
|Q1| =   0.138683  Q10  =   0.131314  Q11c =   0.000091  Q11s =  -0.044605

H          x =  3.845029  y =  0.364149  z = -0.714722 angstrom
           Maximum rank =  1   Radius =  0.325 angstrom
                   Q00  =   0.113081
|Q1| =   0.122962  Q10  =   0.021488  Q11c =  -0.120898  Q11s =   0.006457

C          x =  0.752388  y =  1.037353  z =  0.364768 angstrom
           Maximum rank =  4   Radius =  0.650 angstrom
                   Q00  =  -0.056770
|Q1| =   0.180507  Q10  =  -0.061012  Q11c =   0.070960  Q11s =  -0.154353
|Q2| =   0.232620  Q20  =  -0.119623  Q21c =  -0.113723  Q21s =   0.086398
                   Q22c =  -0.135611  Q22s =  -0.031851
|Q3| =   3.672796  Q30  =   0.964190  Q31c =  -2.870307  Q31s =   1.671940
                   Q32c =  -0.023610  Q32s =   0.409514  Q33c =   0.676210
                   Q33s =   0.948791
|Q4| =   8.702333  Q40  =  -5.251348  Q41c =  -3.489352  Q41s =   1.356693
                   Q42c =   1.352283  Q42s =  -5.536028  Q43c =  -0.814107
                   Q43s =   0.461116  Q44c =  -0.836511  Q44s =  -0.293814

H          x =  2.368087  y =  2.452612  z =  0.135668 angstrom
           Maximum rank =  1   Radius =  0.325 angstrom
                   Q00  =   0.112844
|Q1| =   0.123860  Q10  =   0.001171  Q11c =  -0.028395  Q11s =  -0.120556

H          x =  2.693086  y =  1.182873  z =  1.309925 angstrom
           Maximum rank =  1   Radius =  0.325 angstrom
                   Q00  =   0.103683
|Q1| =   0.139320  Q10  =  -0.121801  Q11c =  -0.067333  Q11s =  -0.006403

N          x =  0.699480  y = -0.469681  z =  0.147274 angstrom
           Maximum rank =  4   Radius =  0.650 angstrom
                   Q00  =  -0.199522
|Q1| =   0.046793  Q10  =   0.003510  Q11c =   0.021372  Q11s =   0.041479
|Q2| =   0.240735  Q20  =  -0.078911  Q21c =   0.002957  Q21s =  -0.037198
                   Q22c =   0.109057  Q22s =   0.196063
|Q3| =   2.326424  Q30  =   0.703747  Q31c =  -0.508693  Q31s =  -1.251054
                   Q32c =  -1.430178  Q32s =   0.090456  Q33c =   0.030461
                   Q33s =  -1.019102
|Q4| =   0.822616  Q40  =   0.186586  Q41c =  -0.232828  Q41s =   0.185412
                   Q42c =  -0.368585  Q42s =   0.582896  Q43c =  -0.003036
                   Q43s =  -0.002715  Q44c =  -0.274026  Q44s =   0.050656

H          x =  0.231460  y =  1.503279  z = -0.466785 angstrom
           Maximum rank =  1   Radius =  0.325 angstrom
                   Q00  =   0.125281
|Q1| =   0.132391  Q10  =   0.086493  Q11c =   0.056748  Q11s =  -0.082620

H          x =  0.231646  y =  1.279626  z =  1.284742 angstrom
           Maximum rank =  1   Radius =  0.325 angstrom
                   Q00  =   0.124897
|Q1| =   0.126599  Q10  =  -0.097661  Q11c =   0.059609  Q11s =  -0.054190

H          x =  2.601338  y = -1.401484  z =  0.320605 angstrom
           Maximum rank =  1   Radius =  0.325 angstrom
                   Q00  =   0.123205
|Q1| =   0.128872  Q10  =  -0.059784  Q11c =  -0.075792  Q11s =   0.085379

H          x =  1.918126  y = -1.474004  z = -1.304384 angstrom
           Maximum rank =  1   Radius =  0.325 angstrom
                   Q00  =   0.122320
|Q1| =   0.125020  Q10  =   0.086361  Q11c =  -0.011643  Q11s =   0.089645

C          x =  0.511614  y = -1.164642  z =  1.450942 angstrom
           Maximum rank =  4   Radius =  0.650 angstrom
                   Q00  =  -0.059095
|Q1| =   0.137090  Q10  =  -0.118169  Q11c =   0.016858  Q11s =   0.067422
|Q2| =   0.354488  Q20  =   0.234833  Q21c =  -0.017668  Q21s =  -0.258387
                   Q22c =  -0.030679  Q22s =   0.049978
|Q3| =   4.786876  Q30  =  -0.957856  Q31c =   1.055946  Q31s =   0.958930
                   Q32c =   2.645850  Q32s =   0.417619  Q33c =  -0.869686
                   Q33s =   3.468550
|Q4| =  11.853666  Q40  =  -1.419973  Q41c =   3.353153  Q41s =  -1.639927
                   Q42c =   6.704287  Q42s =   1.984666  Q43c =  -0.718182
                   Q43s =   5.084864  Q44c =   6.840413  Q44s =  -1.584560

H          x = -0.443141  y = -0.879203  z =  1.879999 angstrom
           Maximum rank =  1   Radius =  0.325 angstrom
                   Q00  =   0.116105
|Q1| =   0.119959  Q10  =  -0.087151  Q11c =   0.082026  Q11s =  -0.008164

H          x =  1.314875  y = -0.871554  z =  2.121361 angstrom
           Maximum rank =  1   Radius =  0.325 angstrom
                   Q00  =   0.115586
|Q1| =   0.122146  Q10  =  -0.099215  Q11c =  -0.071158  Q11s =  -0.003549

H          x =  0.540819  y = -2.239135  z =  1.287559 angstrom
           Maximum rank =  1   Radius =  0.325 angstrom
                   Q00  =   0.118396
|Q1| =   0.121293  Q10  =  -0.019358  Q11c =  -0.003691  Q11s =   0.119682

C          x = -0.379821  y = -0.881614  z = -0.834408 angstrom
           Maximum rank =  4   Radius =  0.650 angstrom
                   Q00  =  -0.059158
|Q1| =   0.139979  Q10  =   0.108712  Q11c =   0.072812  Q11s =   0.049741
|Q2| =   0.303649  Q20  =  -0.057752  Q21c =   0.208838  Q21s =   0.076254
                   Q22c =   0.179357  Q22s =   0.085269
|Q3| =   3.748581  Q30  =  -0.071000  Q31c =   0.429112  Q31s =   2.520111
                   Q32c =   1.940550  Q32s =  -0.419143  Q33c =  -1.208323
                   Q33s =   1.452673
|Q4| =   9.155363  Q40  =   1.239729  Q41c =   0.427281  Q41s =  -7.623717
                   Q42c =  -1.280480  Q42s =   2.045237  Q43c =   1.614563
                   Q43s =  -3.613062  Q44c =   1.009424  Q44s =   1.215535

C          x = -1.828647  y = -0.754423  z = -0.392509 angstrom
           Maximum rank =  4   Radius =  0.650 angstrom
                   Q00  =  -0.155457
|Q1| =   0.043284  Q10  =  -0.041736  Q11c =   0.010282  Q11s =   0.005085
|Q2| =   0.292633  Q20  =  -0.148680  Q21c =  -0.051610  Q21s =   0.035900
                   Q22c =   0.184976  Q22s =  -0.159248
|Q3| =   4.148535  Q30  =  -0.096453  Q31c =  -1.599474  Q31s =  -3.176938
                   Q32c =  -1.648674  Q32s =  -0.739768  Q33c =   1.107788
                   Q33s =  -0.239192
|Q4| =   8.640696  Q40  =  -5.592734  Q41c =  -0.413996  Q41s =  -0.664255
                   Q42c =  -2.377363  Q42s =   5.001399  Q43c =   0.519573
                   Q43s =   3.437059  Q44c =  -0.075588  Q44s =   0.124188

H          x = -0.175222  y = -1.926590  z = -1.061755 angstrom
           Maximum rank =  1   Radius =  0.325 angstrom
                   Q00  =   0.116851
|Q1| =   0.133472  Q10  =   0.052687  Q11c =  -0.019691  Q11s =   0.121042

H          x = -0.191553  y = -0.297435  z = -1.735167 angstrom
           Maximum rank =  1   Radius =  0.325 angstrom
                   Q00  =   0.121725
|Q1| =   0.135820  Q10  =   0.126683  Q11c =  -0.017753  Q11s =  -0.045646

C          x = -2.382049  y =  0.639422  z = -0.109008 angstrom
           Maximum rank =  4   Radius =  0.650 angstrom
                   Q00  =  -0.175214
|Q1| =   0.052413  Q10  =  -0.014337  Q11c =  -0.013088  Q11s =  -0.048685
|Q2| =   0.183511  Q20  =  -0.042851  Q21c =  -0.002832  Q21s =   0.062740
                   Q22c =   0.051142  Q22s =  -0.158998
|Q3| =   4.261866  Q30  =   0.522471  Q31c =   1.924181  Q31s =   3.174481
                   Q32c =   1.565857  Q32s =   0.485147  Q33c =  -1.166471
                   Q33s =   0.250577
|Q4| =   8.780534  Q40  =  -5.173648  Q41c =   0.614957  Q41s =   2.552521
                   Q42c =  -2.363925  Q42s =   5.318023  Q43c =   1.136079
                   Q43s =   2.862340  Q44c =  -0.270585  Q44s =  -0.105899

H          x = -2.026607  y = -1.416786  z =  0.452316 angstrom
           Maximum rank =  1   Radius =  0.325 angstrom
                   Q00  =   0.100049
|Q1| =   0.147119  Q10  =  -0.090597  Q11c =   0.047362  Q11s =   0.105797

H          x = -2.393385  y = -1.184638  z = -1.223644 angstrom
           Maximum rank =  1   Radius =  0.325 angstrom
                   Q00  =   0.110846
|Q1| =   0.140372  Q10  =   0.091561  Q11c =   0.073322  Q11s =   0.077103

C          x = -3.896189  y =  0.612867  z =  0.057110 angstrom
           Maximum rank =  4   Radius =  0.650 angstrom
                   Q00  =  -0.147831
|Q1| =   0.024725  Q10  =  -0.002349  Q11c =   0.024470  Q11s =   0.002643
|Q2| =   0.169445  Q20  =  -0.063216  Q21c =  -0.029874  Q21s =   0.004631
                   Q22c =   0.094487  Q22s =  -0.121957
|Q3| =   5.352304  Q30  =  -1.258135  Q31c =  -1.941707  Q31s =  -3.737937
                   Q32c =  -1.986444  Q32s =  -0.517086  Q33c =   2.017228
                   Q33s =  -1.019467
|Q4| =  13.107463  Q40  =  -2.144179  Q41c =   3.552756  Q41s =  -2.149513
                   Q42c =   0.391188  Q42s =  10.029152  Q43c =   4.918792
                   Q43s =   1.503046  Q44c =  -0.922088  Q44s =   4.682388

H          x = -2.115685  y =  1.313982  z = -0.927078 angstrom
           Maximum rank =  1   Radius =  0.325 angstrom
                   Q00  =   0.092201
|Q1| =   0.148488  Q10  =   0.097960  Q11c =  -0.032754  Q11s =  -0.106675

H          x = -1.936118  y =  1.053842  z =  0.797198 angstrom
           Maximum rank =  1   Radius =  0.325 angstrom
                   Q00  =   0.086567
|Q1| =   0.144981  Q10  =  -0.116422  Q11c =  -0.041879  Q11s =  -0.075575

H          x = -4.382792  y =  0.255715  z = -0.850656 angstrom
           Maximum rank =  1   Radius =  0.325 angstrom
                   Q00  =   0.073955
|Q1| =   0.143227  Q10  =   0.100393  Q11c =   0.095192  Q11s =   0.037063

H          x = -4.281971  y =  1.606786  z =  0.274771 angstrom
           Maximum rank =  1   Radius =  0.325 angstrom
                   Q00  =   0.074840
|Q1| =   0.135319  Q10  =  -0.027617  Q11c =   0.075520  Q11s =  -0.108836

H          x = -4.189676  y = -0.045886  z =  0.875208 angstrom
           Maximum rank =  1   Radius =  0.325 angstrom
                   Q00  =   0.073480
|Q1| =   0.144562  Q10  =  -0.101119  Q11c =   0.074486  Q11s =   0.071589

Total multipoles referred to origin at
           x =   0.000000,  y =    0.000000,  z =    0.000000 angstrom
                   Q00  =   0.999923
|Q1| =   1.288571  Q10  =   0.153678  Q11c =   1.195256  Q11s =  -0.456246
|Q2| =   8.424527  Q20  =  -5.013035  Q21c =   0.730407  Q21s =  -0.646699
                   Q22c =   6.698946  Q22s =   0.120624
|Q3| =  31.855213  Q30  =   9.264524  Q31c =  -6.997172  Q31s = -18.328459
                   Q32c = -13.177686  Q32s =  -6.977380  Q33c =  -6.054002
                   Q33s =  16.883252
|Q4| = 252.517672  Q40  =  98.549967  Q41c =  62.810633  Q41s = -30.774746
                   Q42c =-158.971523  Q42s =  26.998357  Q43c = -26.949214
                   Q43s =  36.756686  Q44c = 118.347247  Q44s = -84.122392

CPU time used:     32m43.482s          Total:     32m43.482s

Finished at 16:28:47 on 31 Oct 2022 
